{"meta": {"format": 3, "version": "7.12.0", "timestamp": "2025-12-09T10:24:17.849753", "branch_coverage": false, "show_contexts": false}, "files": {"src/crawler/__init__.py": {"executed_lines": [0], "summary": {"covered_lines": 0, "num_statements": 0, "percent_covered": 100.0, "percent_covered_display": "100", "missing_lines": 0, "excluded_lines": 0, "percent_statements_covered": 100.0, "percent_statements_covered_display": "100"}, "missing_lines": [], "excluded_lines": [], "functions": {"": {"executed_lines": [], "summary": {"covered_lines": 0, "num_statements": 0, "percent_covered": 100.0, "percent_covered_display": "100", "missing_lines": 0, "excluded_lines": 0, "percent_statements_covered": 100.0, "percent_statements_covered_display": "100"}, "missing_lines": [], "excluded_lines": []}}, "classes": {"": {"executed_lines": [], "summary": {"covered_lines": 0, "num_statements": 0, "percent_covered": 100.0, "percent_covered_display": "100", "missing_lines": 0, "excluded_lines": 0, "percent_statements_covered": 100.0, "percent_statements_covered_display": "100"}, "missing_lines": [], "excluded_lines": []}}}, "src/crawler/api/__init__.py": {"executed_lines": [1, 6, 8], "summary": {"covered_lines": 2, "num_statements": 2, "percent_covered": 100.0, "percent_covered_display": "100", "missing_lines": 0, "excluded_lines": 0, "percent_statements_covered": 100.0, "percent_statements_covered_display": "100"}, "missing_lines": [], "excluded_lines": [], "functions": {"": {"executed_lines": [1, 6, 8], "summary": {"covered_lines": 2, "num_statements": 2, "percent_covered": 100.0, "percent_covered_display": "100", "missing_lines": 0, "excluded_lines": 0, "percent_statements_covered": 100.0, "percent_statements_covered_display": "100"}, "missing_lines": [], "excluded_lines": []}}, "classes": {"": {"executed_lines": [1, 6, 8], "summary": {"covered_lines": 2, "num_statements": 2, "percent_covered": 100.0, "percent_covered_display": "100", "missing_lines": 0, "excluded_lines": 0, "percent_statements_covered": 100.0, "percent_statements_covered_display": "100"}, "missing_lines": [], "excluded_lines": []}}}, "src/crawler/api/hogangnono_client.py": {"executed_lines": [1, 6, 8, 9, 10, 11, 13, 14, 15, 17, 20, 21, 27, 28, 47, 48, 51, 54, 57, 60, 62, 100, 101, 102, 103, 104, 105, 107, 108, 109, 110, 113, 114, 117, 120, 121, 122, 124, 125, 126, 127, 130, 131, 132, 135, 137, 140, 142, 144, 146, 148, 151, 152, 153, 154, 155, 156, 157, 158, 161, 162, 163, 164, 165, 166, 167, 168, 169, 170, 171, 172, 173, 174, 175, 176, 177, 178, 181, 184, 185, 186, 188, 191, 192, 193, 202, 203, 204, 205, 207, 208, 211, 212, 213, 216, 217, 227, 228, 229, 231, 232, 233, 234, 235, 237, 239, 241, 243, 246, 248, 249, 252, 253, 254, 255, 263, 271, 274, 275, 276, 278, 292, 294, 295, 296, 297, 298, 300, 307, 308, 309, 310, 311, 313, 319, 321, 322, 324, 325, 326, 331, 333, 335, 336, 337, 341, 348, 349, 350, 351, 356, 358, 365, 366, 371, 377, 378, 379, 382, 384, 387, 389, 391, 393, 401, 402, 404, 407, 423, 425, 432, 434, 435, 436, 438, 442, 448, 449, 451, 452, 456, 458, 464, 482, 487, 488, 491, 492, 494, 497, 507, 508, 509, 515, 516, 518, 526, 528, 529, 534, 535, 536, 547, 556, 558, 559, 564, 570, 572, 586, 590, 591, 593, 599, 611, 615, 621, 633, 636, 642, 652, 657, 663, 673, 678, 684, 695, 701, 707, 717, 719, 739, 745, 756, 759, 765, 774, 778, 784, 786, 787, 789, 792, 793, 795, 810, 812, 818, 823, 824, 826, 828, 838, 847, 853, 856, 858, 867, 870, 875, 877, 878, 891, 893, 895, 904, 906, 909, 910, 929, 931, 933, 942, 943, 945, 946, 959, 961, 963, 972, 973, 975, 976, 995, 997, 999, 1029, 1065, 1104, 1111], "summary": {"covered_lines": 286, "num_statements": 329, "percent_covered": 86.93009118541033, "percent_covered_display": "87", "missing_lines": 43, "excluded_lines": 0, "percent_statements_covered": 86.93009118541033, "percent_statements_covered_display": "87"}, "missing_lines": [22, 23, 136, 141, 218, 220, 258, 259, 261, 323, 338, 339, 439, 440, 540, 542, 746, 747, 757, 854, 907, 1008, 1011, 1014, 1016, 1017, 1025, 1027, 1038, 1043, 1045, 1046, 1047, 1052, 1060, 1061, 1063, 1080, 1088, 1090, 1091, 1094, 1096], "excluded_lines": [], "functions": {"SearchParams.__init__": {"executed_lines": [100, 101, 102, 103, 104, 105, 107, 108, 109, 110, 113, 114, 117, 120, 121, 122, 124, 125, 126, 127, 130, 131, 132, 135, 137, 140, 142, 144], "summary": {"covered_lines": 28, "num_statements": 30, "percent_covered": 93.33333333333333, "percent_covered_display": "93", "missing_lines": 2, "excluded_lines": 0, "percent_statements_covered": 93.33333333333333, "percent_statements_covered_display": "93"}, "missing_lines": [136, 141], "excluded_lines": []}, "SearchParams.to_dict": {"executed_lines": [148, 151, 152, 153, 154, 155, 156, 157, 158, 161, 162, 163, 164, 165, 166, 167, 168, 169, 170, 171, 172, 173, 174, 175, 176, 177, 178, 181, 184, 185, 186, 188], "summary": {"covered_lines": 32, "num_statements": 32, "percent_covered": 100.0, "percent_covered_display": "100", "missing_lines": 0, "excluded_lines": 0, "percent_statements_covered": 100.0, "percent_statements_covered_display": "100"}, "missing_lines": [], "excluded_lines": []}, "APIResponse.from_response": {"executed_lines": [211, 212, 213, 216, 217, 227, 228, 229, 231, 232, 233, 234, 235, 237, 239, 241, 243, 246, 248, 249, 252, 253, 254, 255, 263, 271, 274, 275, 276, 278, 292, 294, 295, 296, 297, 298, 300, 307, 308, 309, 310, 311, 313, 319, 321, 322, 324, 325, 326, 331, 333, 335, 336, 337, 341, 348, 349, 350, 351, 356, 358], "summary": {"covered_lines": 61, "num_statements": 69, "percent_covered": 88.40579710144928, "percent_covered_display": "88", "missing_lines": 8, "excluded_lines": 0, "percent_statements_covered": 88.40579710144928, "percent_statements_covered_display": "88"}, "missing_lines": [218, 220, 258, 259, 261, 323, 338, 339], "excluded_lines": []}, "HogangnonoAPIClient.__init__": {"executed_lines": [377, 378, 379, 382, 384, 387], "summary": {"covered_lines": 6, "num_statements": 6, "percent_covered": 100.0, "percent_covered_display": "100", "missing_lines": 0, "excluded_lines": 0, "percent_statements_covered": 100.0, "percent_statements_covered_display": "100"}, "missing_lines": [], "excluded_lines": []}, "HogangnonoAPIClient._build_url": {"executed_lines": [391], "summary": {"covered_lines": 1, "num_statements": 1, "percent_covered": 100.0, "percent_covered_display": "100", "missing_lines": 0, "excluded_lines": 0, "percent_statements_covered": 100.0, "percent_statements_covered_display": "100"}, "missing_lines": [], "excluded_lines": []}, "HogangnonoAPIClient._initialize_session": {"executed_lines": [401, 402, 404, 407, 423, 425, 432, 434, 435, 436, 438, 442, 448, 449, 451, 452, 456], "summary": {"covered_lines": 17, "num_statements": 19, "percent_covered": 89.47368421052632, "percent_covered_display": "89", "missing_lines": 2, "excluded_lines": 0, "percent_statements_covered": 89.47368421052632, "percent_statements_covered_display": "89"}, "missing_lines": [439, 440], "excluded_lines": []}, "HogangnonoAPIClient._get_api_headers": {"executed_lines": [464], "summary": {"covered_lines": 1, "num_statements": 1, "percent_covered": 100.0, "percent_covered_display": "100", "missing_lines": 0, "excluded_lines": 0, "percent_statements_covered": 100.0, "percent_statements_covered_display": "100"}, "missing_lines": [], "excluded_lines": []}, "HogangnonoAPIClient._add_auth_headers": {"executed_lines": [487, 488, 491, 492, 494], "summary": {"covered_lines": 5, "num_statements": 5, "percent_covered": 100.0, "percent_covered_display": "100", "missing_lines": 0, "excluded_lines": 0, "percent_statements_covered": 100.0, "percent_statements_covered_display": "100"}, "missing_lines": [], "excluded_lines": []}, "HogangnonoAPIClient._make_request": {"executed_lines": [507, 508, 509, 515, 516, 518, 526, 528, 529, 534, 535, 536, 547, 556, 558, 559, 564, 570], "summary": {"covered_lines": 18, "num_statements": 20, "percent_covered": 90.0, "percent_covered_display": "90", "missing_lines": 2, "excluded_lines": 0, "percent_statements_covered": 90.0, "percent_statements_covered_display": "90"}, "missing_lines": [540, 542], "excluded_lines": []}, "HogangnonoAPIClient.get_complex_list": {"executed_lines": [586, 590, 591, 593], "summary": {"covered_lines": 4, "num_statements": 4, "percent_covered": 100.0, "percent_covered_display": "100", "missing_lines": 0, "excluded_lines": 0, "percent_statements_covered": 100.0, "percent_statements_covered_display": "100"}, "missing_lines": [], "excluded_lines": []}, "HogangnonoAPIClient.get_complex_detail": {"executed_lines": [611, 615], "summary": {"covered_lines": 2, "num_statements": 2, "percent_covered": 100.0, "percent_covered_display": "100", "missing_lines": 0, "excluded_lines": 0, "percent_statements_covered": 100.0, "percent_statements_covered_display": "100"}, "missing_lines": [], "excluded_lines": []}, "HogangnonoAPIClient.get_apartments_bounding": {"executed_lines": [633, 636], "summary": {"covered_lines": 2, "num_statements": 2, "percent_covered": 100.0, "percent_covered_display": "100", "missing_lines": 0, "excluded_lines": 0, "percent_statements_covered": 100.0, "percent_statements_covered_display": "100"}, "missing_lines": [], "excluded_lines": []}, "HogangnonoAPIClient.get_ranking": {"executed_lines": [652, 657], "summary": {"covered_lines": 2, "num_statements": 2, "percent_covered": 100.0, "percent_covered_display": "100", "missing_lines": 0, "excluded_lines": 0, "percent_statements_covered": 100.0, "percent_statements_covered_display": "100"}, "missing_lines": [], "excluded_lines": []}, "HogangnonoAPIClient.get_recent_visits": {"executed_lines": [673, 678], "summary": {"covered_lines": 2, "num_statements": 2, "percent_covered": 100.0, "percent_covered_display": "100", "missing_lines": 0, "excluded_lines": 0, "percent_statements_covered": 100.0, "percent_statements_covered_display": "100"}, "missing_lines": [], "excluded_lines": []}, "HogangnonoAPIClient.get_region_info": {"executed_lines": [695, 701], "summary": {"covered_lines": 2, "num_statements": 2, "percent_covered": 100.0, "percent_covered_display": "100", "missing_lines": 0, "excluded_lines": 0, "percent_statements_covered": 100.0, "percent_statements_covered_display": "100"}, "missing_lines": [], "excluded_lines": []}, "HogangnonoAPIClient.get_pois_bounding": {"executed_lines": [717], "summary": {"covered_lines": 1, "num_statements": 1, "percent_covered": 100.0, "percent_covered_display": "100", "missing_lines": 0, "excluded_lines": 0, "percent_statements_covered": 100.0, "percent_statements_covered_display": "100"}, "missing_lines": [], "excluded_lines": []}, "HogangnonoAPIClient.search_apartments": {"executed_lines": [739, 745, 756, 759], "summary": {"covered_lines": 4, "num_statements": 7, "percent_covered": 57.142857142857146, "percent_covered_display": "57", "missing_lines": 3, "excluded_lines": 0, "percent_statements_covered": 57.142857142857146, "percent_statements_covered_display": "57"}, "missing_lines": [746, 747, 757], "excluded_lines": []}, "HogangnonoAPIClient.get_apartment_detail": {"executed_lines": [774, 778], "summary": {"covered_lines": 2, "num_statements": 2, "percent_covered": 100.0, "percent_covered_display": "100", "missing_lines": 0, "excluded_lines": 0, "percent_statements_covered": 100.0, "percent_statements_covered_display": "100"}, "missing_lines": [], "excluded_lines": []}, "HogangnonoAPIClient.close": {"executed_lines": [786, 787], "summary": {"covered_lines": 2, "num_statements": 2, "percent_covered": 100.0, "percent_covered_display": "100", "missing_lines": 0, "excluded_lines": 0, "percent_statements_covered": 100.0, "percent_statements_covered_display": "100"}, "missing_lines": [], "excluded_lines": []}, "HogangnonoAPIClient.__enter__": {"executed_lines": [792, 793], "summary": {"covered_lines": 2, "num_statements": 2, "percent_covered": 100.0, "percent_covered_display": "100", "missing_lines": 0, "excluded_lines": 0, "percent_statements_covered": 100.0, "percent_statements_covered_display": "100"}, "missing_lines": [], "excluded_lines": []}, "HogangnonoAPIClient.__exit__": {"executed_lines": [810], "summary": {"covered_lines": 1, "num_statements": 1, "percent_covered": 100.0, "percent_covered_display": "100", "missing_lines": 0, "excluded_lines": 0, "percent_statements_covered": 100.0, "percent_statements_covered_display": "100"}, "missing_lines": [], "excluded_lines": []}, "HogangnonoAPIClient.fetch_ranks_rolling": {"executed_lines": [818, 823, 824, 826], "summary": {"covered_lines": 4, "num_statements": 4, "percent_covered": 100.0, "percent_covered_display": "100", "missing_lines": 0, "excluded_lines": 0, "percent_statements_covered": 100.0, "percent_statements_covered_display": "100"}, "missing_lines": [], "excluded_lines": []}, "HogangnonoAPIClient.fetch_pois_bounding": {"executed_lines": [838, 847, 853, 856], "summary": {"covered_lines": 4, "num_statements": 5, "percent_covered": 80.0, "percent_covered_display": "80", "missing_lines": 1, "excluded_lines": 0, "percent_statements_covered": 80.0, "percent_statements_covered_display": "80"}, "missing_lines": [854], "excluded_lines": []}, "HogangnonoAPIClient.parse_complexes_from_ranks": {"executed_lines": [867, 870, 875, 877, 878, 891, 893], "summary": {"covered_lines": 7, "num_statements": 7, "percent_covered": 100.0, "percent_covered_display": "100", "missing_lines": 0, "excluded_lines": 0, "percent_statements_covered": 100.0, "percent_statements_covered_display": "100"}, "missing_lines": [], "excluded_lines": []}, "HogangnonoAPIClient.parse_pois_from_bounding": {"executed_lines": [904, 906, 909, 910, 929, 931], "summary": {"covered_lines": 6, "num_statements": 7, "percent_covered": 85.71428571428571, "percent_covered_display": "86", "missing_lines": 1, "excluded_lines": 0, "percent_statements_covered": 85.71428571428571, "percent_statements_covered_display": "86"}, "missing_lines": [907], "excluded_lines": []}, "HogangnonoAPIClient.to_csv_rows_complexes": {"executed_lines": [942, 943, 945, 946, 959, 961], "summary": {"covered_lines": 6, "num_statements": 6, "percent_covered": 100.0, "percent_covered_display": "100", "missing_lines": 0, "excluded_lines": 0, "percent_statements_covered": 100.0, "percent_statements_covered_display": "100"}, "missing_lines": [], "excluded_lines": []}, "HogangnonoAPIClient.to_csv_rows_pois": {"executed_lines": [972, 973, 975, 976, 995, 997], "summary": {"covered_lines": 6, "num_statements": 6, "percent_covered": 100.0, "percent_covered_display": "100", "missing_lines": 0, "excluded_lines": 0, "percent_statements_covered": 100.0, "percent_statements_covered_display": "100"}, "missing_lines": [], "excluded_lines": []}, "HogangnonoAPIClient.fetch_apartments_by_pois": {"executed_lines": [], "summary": {"covered_lines": 0, "num_statements": 7, "percent_covered": 0.0, "percent_covered_display": "0", "missing_lines": 7, "excluded_lines": 0, "percent_statements_covered": 0.0, "percent_statements_covered_display": "0"}, "missing_lines": [1008, 1011, 1014, 1016, 1017, 1025, 1027], "excluded_lines": []}, "HogangnonoAPIClient.fetch_real_estate_apis": {"executed_lines": [], "summary": {"covered_lines": 0, "num_statements": 9, "percent_covered": 0.0, "percent_covered_display": "0", "missing_lines": 9, "excluded_lines": 0, "percent_statements_covered": 0.0, "percent_statements_covered_display": "0"}, "missing_lines": [1038, 1043, 1045, 1046, 1047, 1052, 1060, 1061, 1063], "excluded_lines": []}, "HogangnonoAPIClient.search_apartments_by_location": {"executed_lines": [], "summary": {"covered_lines": 0, "num_statements": 6, "percent_covered": 0.0, "percent_covered_display": "0", "missing_lines": 6, "excluded_lines": 0, "percent_statements_covered": 0.0, "percent_statements_covered_display": "0"}, "missing_lines": [1080, 1088, 1090, 1091, 1094, 1096], "excluded_lines": []}, "HogangnonoAPIClient._get_headers": {"executed_lines": [1111], "summary": {"covered_lines": 1, "num_statements": 1, "percent_covered": 100.0, "percent_covered_display": "100", "missing_lines": 0, "excluded_lines": 0, "percent_statements_covered": 100.0, "percent_statements_covered_display": "100"}, "missing_lines": [], "excluded_lines": []}, "": {"executed_lines": [1, 6, 8, 9, 10, 11, 13, 14, 15, 17, 20, 21, 27, 28, 47, 48, 51, 54, 57, 60, 62, 146, 191, 192, 193, 202, 203, 204, 205, 207, 208, 365, 366, 371, 389, 393, 458, 482, 497, 572, 599, 621, 642, 663, 684, 707, 719, 765, 784, 789, 795, 812, 828, 858, 895, 933, 963, 999, 1029, 1065, 1104], "summary": {"covered_lines": 57, "num_statements": 59, "percent_covered": 96.61016949152543, "percent_covered_display": "97", "missing_lines": 2, "excluded_lines": 0, "percent_statements_covered": 96.61016949152543, "percent_statements_covered_display": "97"}, "missing_lines": [22, 23], "excluded_lines": []}}, "classes": {"SearchParams": {"executed_lines": [100, 101, 102, 103, 104, 105, 107, 108, 109, 110, 113, 114, 117, 120, 121, 122, 124, 125, 126, 127, 130, 131, 132, 135, 137, 140, 142, 144, 148, 151, 152, 153, 154, 155, 156, 157, 158, 161, 162, 163, 164, 165, 166, 167, 168, 169, 170, 171, 172, 173, 174, 175, 176, 177, 178, 181, 184, 185, 186, 188], "summary": {"covered_lines": 60, "num_statements": 62, "percent_covered": 96.7741935483871, "percent_covered_display": "97", "missing_lines": 2, "excluded_lines": 0, "percent_statements_covered": 96.7741935483871, "percent_statements_covered_display": "97"}, "missing_lines": [136, 141], "excluded_lines": []}, "APIResponse": {"executed_lines": [211, 212, 213, 216, 217, 227, 228, 229, 231, 232, 233, 234, 235, 237, 239, 241, 243, 246, 248, 249, 252, 253, 254, 255, 263, 271, 274, 275, 276, 278, 292, 294, 295, 296, 297, 298, 300, 307, 308, 309, 310, 311, 313, 319, 321, 322, 324, 325, 326, 331, 333, 335, 336, 337, 341, 348, 349, 350, 351, 356, 358], "summary": {"covered_lines": 61, "num_statements": 69, "percent_covered": 88.40579710144928, "percent_covered_display": "88", "missing_lines": 8, "excluded_lines": 0, "percent_statements_covered": 88.40579710144928, "percent_statements_covered_display": "88"}, "missing_lines": [218, 220, 258, 259, 261, 323, 338, 339], "excluded_lines": []}, "HogangnonoAPIClient": {"executed_lines": [377, 378, 379, 382, 384, 387, 391, 401, 402, 404, 407, 423, 425, 432, 434, 435, 436, 438, 442, 448, 449, 451, 452, 456, 464, 487, 488, 491, 492, 494, 507, 508, 509, 515, 516, 518, 526, 528, 529, 534, 535, 536, 547, 556, 558, 559, 564, 570, 586, 590, 591, 593, 611, 615, 633, 636, 652, 657, 673, 678, 695, 701, 717, 739, 745, 756, 759, 774, 778, 786, 787, 792, 793, 810, 818, 823, 824, 826, 838, 847, 853, 856, 867, 870, 875, 877, 878, 891, 893, 904, 906, 909, 910, 929, 931, 942, 943, 945, 946, 959, 961, 972, 973, 975, 976, 995, 997, 1111], "summary": {"covered_lines": 108, "num_statements": 139, "percent_covered": 77.6978417266187, "percent_covered_display": "78", "missing_lines": 31, "excluded_lines": 0, "percent_statements_covered": 77.6978417266187, "percent_statements_covered_display": "78"}, "missing_lines": [439, 440, 540, 542, 746, 747, 757, 854, 907, 1008, 1011, 1014, 1016, 1017, 1025, 1027, 1038, 1043, 1045, 1046, 1047, 1052, 1060, 1061, 1063, 1080, 1088, 1090, 1091, 1094, 1096], "excluded_lines": []}, "": {"executed_lines": [1, 6, 8, 9, 10, 11, 13, 14, 15, 17, 20, 21, 27, 28, 47, 48, 51, 54, 57, 60, 62, 146, 191, 192, 193, 202, 203, 204, 205, 207, 208, 365, 366, 371, 389, 393, 458, 482, 497, 572, 599, 621, 642, 663, 684, 707, 719, 765, 784, 789, 795, 812, 828, 858, 895, 933, 963, 999, 1029, 1065, 1104], "summary": {"covered_lines": 57, "num_statements": 59, "percent_covered": 96.61016949152543, "percent_covered_display": "97", "missing_lines": 2, "excluded_lines": 0, "percent_statements_covered": 96.61016949152543, "percent_statements_covered_display": "97"}, "missing_lines": [22, 23], "excluded_lines": []}}}, "src/crawler/config.py": {"executed_lines": [1, 27, 28, 29, 30, 32, 33, 36, 37, 40, 41, 42, 45, 46, 47, 48, 49, 53, 54, 55, 63, 64, 65, 74, 75, 77, 78, 81, 84, 87, 92, 93, 96, 99, 101, 102, 103, 112, 113, 115, 116, 119, 120, 123, 124, 125, 128, 129, 132, 133, 136, 137, 139, 140, 141, 147, 148, 149, 158, 159, 162, 163, 164, 169, 170, 171, 174, 175, 176, 177, 180, 183, 184, 185, 190, 191, 194, 199, 208, 212, 217, 224, 229, 230, 231, 233, 234, 235, 236, 237, 239, 240, 241, 243, 244, 245, 246, 247, 249, 250, 251, 253, 254, 255, 256, 257, 259, 260, 261, 263, 265, 267, 269, 270, 271, 273, 274, 275, 276, 277, 279, 280, 281, 283, 284, 285, 286, 287, 289, 290, 291, 293, 294, 295, 296, 297, 299, 300, 301, 303, 308, 310, 311, 314, 315, 318, 319, 320, 324, 326, 327, 329, 332, 335, 354, 378, 400, 402, 404, 407, 408, 409, 410, 417, 420, 421, 422, 424, 425, 444, 447, 450, 451, 453], "summary": {"covered_lines": 169, "num_statements": 218, "percent_covered": 77.5229357798165, "percent_covered_display": "78", "missing_lines": 49, "excluded_lines": 0, "percent_statements_covered": 77.5229357798165, "percent_statements_covered_display": "78"}, "missing_lines": [57, 58, 59, 60, 61, 67, 68, 69, 70, 71, 105, 106, 107, 108, 109, 143, 144, 145, 151, 152, 153, 154, 155, 201, 202, 203, 204, 206, 210, 214, 215, 219, 220, 221, 222, 226, 227, 264, 266, 304, 305, 306, 307, 411, 412, 413, 414, 418, 427], "excluded_lines": [], "functions": {"SiteConfig.validate_timeout": {"executed_lines": [], "summary": {"covered_lines": 0, "num_statements": 5, "percent_covered": 0.0, "percent_covered_display": "0", "missing_lines": 5, "excluded_lines": 0, "percent_statements_covered": 0.0, "percent_statements_covered_display": "0"}, "missing_lines": [57, 58, 59, 60, 61], "excluded_lines": []}, "SiteConfig.validate_rate_limit_delay": {"executed_lines": [], "summary": {"covered_lines": 0, "num_statements": 5, "percent_covered": 0.0, "percent_covered_display": "0", "missing_lines": 5, "excluded_lines": 0, "percent_statements_covered": 0.0, "percent_statements_covered_display": "0"}, "missing_lines": [67, 68, 69, 70, 71], "excluded_lines": []}, "NaverConfig.validate_page_size": {"executed_lines": [], "summary": {"covered_lines": 0, "num_statements": 5, "percent_covered": 0.0, "percent_covered_display": "0", "missing_lines": 5, "excluded_lines": 0, "percent_statements_covered": 0.0, "percent_statements_covered_display": "0"}, "missing_lines": [105, 106, 107, 108, 109], "excluded_lines": []}, "HogangnonoConfig.validate_api_key": {"executed_lines": [], "summary": {"covered_lines": 0, "num_statements": 3, "percent_covered": 0.0, "percent_covered_display": "0", "missing_lines": 3, "excluded_lines": 0, "percent_statements_covered": 0.0, "percent_statements_covered_display": "0"}, "missing_lines": [143, 144, 145], "excluded_lines": []}, "HogangnonoConfig.validate_page_size": {"executed_lines": [], "summary": {"covered_lines": 0, "num_statements": 5, "percent_covered": 0.0, "percent_covered_display": "0", "missing_lines": 5, "excluded_lines": 0, "percent_statements_covered": 0.0, "percent_statements_covered_display": "0"}, "missing_lines": [151, 152, 153, 154, 155], "excluded_lines": []}, "CrawlerConfig.get_site_config": {"executed_lines": [], "summary": {"covered_lines": 0, "num_statements": 5, "percent_covered": 0.0, "percent_covered_display": "0", "missing_lines": 5, "excluded_lines": 0, "percent_statements_covered": 0.0, "percent_statements_covered_display": "0"}, "missing_lines": [201, 202, 203, 204, 206], "excluded_lines": []}, "CrawlerConfig.get_base_url": {"executed_lines": [], "summary": {"covered_lines": 0, "num_statements": 1, "percent_covered": 0.0, "percent_covered_display": "0", "missing_lines": 1, "excluded_lines": 0, "percent_statements_covered": 0.0, "percent_statements_covered_display": "0"}, "missing_lines": [210], "excluded_lines": []}, "CrawlerConfig.get_timeout": {"executed_lines": [], "summary": {"covered_lines": 0, "num_statements": 2, "percent_covered": 0.0, "percent_covered_display": "0", "missing_lines": 2, "excluded_lines": 0, "percent_statements_covered": 0.0, "percent_statements_covered_display": "0"}, "missing_lines": [214, 215], "excluded_lines": []}, "CrawlerConfig.get_page_size": {"executed_lines": [], "summary": {"covered_lines": 0, "num_statements": 4, "percent_covered": 0.0, "percent_covered_display": "0", "missing_lines": 4, "excluded_lines": 0, "percent_statements_covered": 0.0, "percent_statements_covered_display": "0"}, "missing_lines": [219, 220, 221, 222], "excluded_lines": []}, "CrawlerConfig.get_rate_limit_delay": {"executed_lines": [], "summary": {"covered_lines": 0, "num_statements": 2, "percent_covered": 0.0, "percent_covered_display": "0", "missing_lines": 2, "excluded_lines": 0, "percent_statements_covered": 0.0, "percent_statements_covered_display": "0"}, "missing_lines": [226, 227], "excluded_lines": []}, "CrawlerConfig.validate_timeout": {"executed_lines": [233, 234, 235, 236, 237], "summary": {"covered_lines": 5, "num_statements": 5, "percent_covered": 100.0, "percent_covered_display": "100", "missing_lines": 0, "excluded_lines": 0, "percent_statements_covered": 100.0, "percent_statements_covered_display": "100"}, "missing_lines": [], "excluded_lines": []}, "CrawlerConfig.validate_page_size": {"executed_lines": [243, 244, 245, 246, 247], "summary": {"covered_lines": 5, "num_statements": 5, "percent_covered": 100.0, "percent_covered_display": "100", "missing_lines": 0, "excluded_lines": 0, "percent_statements_covered": 100.0, "percent_statements_covered_display": "100"}, "missing_lines": [], "excluded_lines": []}, "CrawlerConfig.validate_retry_attempts": {"executed_lines": [253, 254, 255, 256, 257], "summary": {"covered_lines": 5, "num_statements": 5, "percent_covered": 100.0, "percent_covered_display": "100", "missing_lines": 0, "excluded_lines": 0, "percent_statements_covered": 100.0, "percent_statements_covered_display": "100"}, "missing_lines": [], "excluded_lines": []}, "CrawlerConfig.validate_retry_delay": {"executed_lines": [263, 265, 267], "summary": {"covered_lines": 3, "num_statements": 5, "percent_covered": 60.0, "percent_covered_display": "60", "missing_lines": 2, "excluded_lines": 0, "percent_statements_covered": 60.0, "percent_statements_covered_display": "60"}, "missing_lines": [264, 266], "excluded_lines": []}, "CrawlerConfig.validate_delay_seconds": {"executed_lines": [273, 274, 275, 276, 277], "summary": {"covered_lines": 5, "num_statements": 5, "percent_covered": 100.0, "percent_covered_display": "100", "missing_lines": 0, "excluded_lines": 0, "percent_statements_covered": 100.0, "percent_statements_covered_display": "100"}, "missing_lines": [], "excluded_lines": []}, "CrawlerConfig.validate_max_workers": {"executed_lines": [283, 284, 285, 286, 287], "summary": {"covered_lines": 5, "num_statements": 5, "percent_covered": 100.0, "percent_covered_display": "100", "missing_lines": 0, "excluded_lines": 0, "percent_statements_covered": 100.0, "percent_statements_covered_display": "100"}, "missing_lines": [], "excluded_lines": []}, "CrawlerConfig.validate_output_file": {"executed_lines": [293, 294, 295, 296, 297], "summary": {"covered_lines": 5, "num_statements": 5, "percent_covered": 100.0, "percent_covered_display": "100", "missing_lines": 0, "excluded_lines": 0, "percent_statements_covered": 100.0, "percent_statements_covered_display": "100"}, "missing_lines": [], "excluded_lines": []}, "CrawlerConfig.validate_date_format": {"executed_lines": [303, 308], "summary": {"covered_lines": 2, "num_statements": 6, "percent_covered": 33.333333333333336, "percent_covered_display": "33", "missing_lines": 4, "excluded_lines": 0, "percent_statements_covered": 33.333333333333336, "percent_statements_covered_display": "33"}, "missing_lines": [304, 305, 306, 307], "excluded_lines": []}, "CrawlerConfig.validate_compatibility": {"executed_lines": [314, 315, 318, 319, 320, 324], "summary": {"covered_lines": 6, "num_statements": 6, "percent_covered": 100.0, "percent_covered_display": "100", "missing_lines": 0, "excluded_lines": 0, "percent_statements_covered": 100.0, "percent_statements_covered_display": "100"}, "missing_lines": [], "excluded_lines": []}, "CrawlerConfig.from_env": {"executed_lines": [329, 332, 335, 354, 378, 400, 402, 404, 407, 408, 409, 410, 417, 420, 421, 422], "summary": {"covered_lines": 16, "num_statements": 21, "percent_covered": 76.19047619047619, "percent_covered_display": "76", "missing_lines": 5, "excluded_lines": 0, "percent_statements_covered": 76.19047619047619, "percent_statements_covered_display": "76"}, "missing_lines": [411, 412, 413, 414, 418], "excluded_lines": []}, "CrawlerConfig.for_integration_test": {"executed_lines": [], "summary": {"covered_lines": 0, "num_statements": 1, "percent_covered": 0.0, "percent_covered_display": "0", "missing_lines": 1, "excluded_lines": 0, "percent_statements_covered": 0.0, "percent_statements_covered_display": "0"}, "missing_lines": [427], "excluded_lines": []}, "CrawlerConfig.create_output_path": {"executed_lines": [447, 450, 451, 453], "summary": {"covered_lines": 4, "num_statements": 4, "percent_covered": 100.0, "percent_covered_display": "100", "missing_lines": 0, "excluded_lines": 0, "percent_statements_covered": 100.0, "percent_statements_covered_display": "100"}, "missing_lines": [], "excluded_lines": []}, "": {"executed_lines": [1, 27, 28, 29, 30, 32, 33, 36, 37, 40, 41, 42, 45, 46, 47, 48, 49, 53, 54, 55, 63, 64, 65, 74, 75, 77, 78, 81, 84, 87, 92, 93, 96, 99, 101, 102, 103, 112, 113, 115, 116, 119, 120, 123, 124, 125, 128, 129, 132, 133, 136, 137, 139, 140, 141, 147, 148, 149, 158, 159, 162, 163, 164, 169, 170, 171, 174, 175, 176, 177, 180, 183, 184, 185, 190, 191, 194, 199, 208, 212, 217, 224, 229, 230, 231, 239, 240, 241, 249, 250, 251, 259, 260, 261, 269, 270, 271, 279, 280, 281, 289, 290, 291, 299, 300, 301, 310, 311, 326, 327, 424, 425, 444], "summary": {"covered_lines": 108, "num_statements": 108, "percent_covered": 100.0, "percent_covered_display": "100", "missing_lines": 0, "excluded_lines": 0, "percent_statements_covered": 100.0, "percent_statements_covered_display": "100"}, "missing_lines": [], "excluded_lines": []}}, "classes": {"SiteConfig": {"executed_lines": [], "summary": {"covered_lines": 0, "num_statements": 10, "percent_covered": 0.0, "percent_covered_display": "0", "missing_lines": 10, "excluded_lines": 0, "percent_statements_covered": 0.0, "percent_statements_covered_display": "0"}, "missing_lines": [57, 58, 59, 60, 61, 67, 68, 69, 70, 71], "excluded_lines": []}, "NaverConfig": {"executed_lines": [], "summary": {"covered_lines": 0, "num_statements": 5, "percent_covered": 0.0, "percent_covered_display": "0", "missing_lines": 5, "excluded_lines": 0, "percent_statements_covered": 0.0, "percent_statements_covered_display": "0"}, "missing_lines": [105, 106, 107, 108, 109], "excluded_lines": []}, "HogangnonoConfig": {"executed_lines": [], "summary": {"covered_lines": 0, "num_statements": 8, "percent_covered": 0.0, "percent_covered_display": "0", "missing_lines": 8, "excluded_lines": 0, "percent_statements_covered": 0.0, "percent_statements_covered_display": "0"}, "missing_lines": [143, 144, 145, 151, 152, 153, 154, 155], "excluded_lines": []}, "CrawlerConfig": {"executed_lines": [233, 234, 235, 236, 237, 243, 244, 245, 246, 247, 253, 254, 255, 256, 257, 263, 265, 267, 273, 274, 275, 276, 277, 283, 284, 285, 286, 287, 293, 294, 295, 296, 297, 303, 308, 314, 315, 318, 319, 320, 324, 329, 332, 335, 354, 378, 400, 402, 404, 407, 408, 409, 410, 417, 420, 421, 422, 447, 450, 451, 453], "summary": {"covered_lines": 61, "num_statements": 87, "percent_covered": 70.11494252873563, "percent_covered_display": "70", "missing_lines": 26, "excluded_lines": 0, "percent_statements_covered": 70.11494252873563, "percent_statements_covered_display": "70"}, "missing_lines": [201, 202, 203, 204, 206, 210, 214, 215, 219, 220, 221, 222, 226, 227, 264, 266, 304, 305, 306, 307, 411, 412, 413, 414, 418, 427], "excluded_lines": []}, "": {"executed_lines": [1, 27, 28, 29, 30, 32, 33, 36, 37, 40, 41, 42, 45, 46, 47, 48, 49, 53, 54, 55, 63, 64, 65, 74, 75, 77, 78, 81, 84, 87, 92, 93, 96, 99, 101, 102, 103, 112, 113, 115, 116, 119, 120, 123, 124, 125, 128, 129, 132, 133, 136, 137, 139, 140, 141, 147, 148, 149, 158, 159, 162, 163, 164, 169, 170, 171, 174, 175, 176, 177, 180, 183, 184, 185, 190, 191, 194, 199, 208, 212, 217, 224, 229, 230, 231, 239, 240, 241, 249, 250, 251, 259, 260, 261, 269, 270, 271, 279, 280, 281, 289, 290, 291, 299, 300, 301, 310, 311, 326, 327, 424, 425, 444], "summary": {"covered_lines": 108, "num_statements": 108, "percent_covered": 100.0, "percent_covered_display": "100", "missing_lines": 0, "excluded_lines": 0, "percent_statements_covered": 100.0, "percent_statements_covered_display": "100"}, "missing_lines": [], "excluded_lines": []}}}, "src/crawler/coordinator.py": {"executed_lines": [1, 8, 9, 10, 12, 14, 15, 16, 17, 18, 21, 22, 31, 33, 53, 63, 65, 68, 69, 72, 73, 74, 75, 78, 80, 81, 86, 87, 88, 95, 102, 104, 124, 127, 128, 130, 140, 141, 143, 145, 146, 149, 150, 153, 154, 159, 160, 163, 165, 168, 170, 171, 173, 174, 204, 205, 207, 208, 210, 216, 218, 219, 221, 222, 234, 239, 240, 243, 244, 249, 251, 252, 255, 256, 257, 260, 261, 264, 267, 268, 270, 272, 281, 282, 290, 292, 294, 313, 316, 317, 318, 323, 324, 325, 326, 327, 328, 329, 330, 335, 338, 339, 340, 343, 344, 347, 348, 349, 356, 359, 360, 376, 385, 386, 388, 390, 412, 418], "summary": {"covered_lines": 116, "num_statements": 139, "percent_covered": 83.45323741007195, "percent_covered_display": "83", "missing_lines": 23, "excluded_lines": 0, "percent_statements_covered": 83.45323741007195, "percent_statements_covered_display": "83"}, "missing_lines": [55, 56, 59, 60, 155, 156, 167, 175, 177, 179, 185, 191, 193, 201, 225, 396, 399, 403, 405, 407, 408, 409, 410], "excluded_lines": [], "functions": {"CrawlCoordinator.__init__": {"executed_lines": [53, 63, 65, 68, 69, 72, 73, 74, 75, 78, 80, 81, 86, 87, 88, 95, 102], "summary": {"covered_lines": 17, "num_statements": 21, "percent_covered": 80.95238095238095, "percent_covered_display": "81", "missing_lines": 4, "excluded_lines": 0, "percent_statements_covered": 80.95238095238095, "percent_statements_covered_display": "81"}, "missing_lines": [55, 56, 59, 60], "excluded_lines": []}, "CrawlCoordinator.crawl_dong": {"executed_lines": [124, 127, 128, 130, 140, 141, 143, 145, 146, 149, 150, 153, 154, 159, 160, 163, 165, 168, 170, 171, 173, 174, 204, 205, 207, 208, 210, 216, 218, 219, 221, 222, 234, 239, 240, 243, 244, 249, 251, 252, 255, 256, 257, 260, 261, 264, 267, 268, 270, 272, 281, 282, 290, 292], "summary": {"covered_lines": 54, "num_statements": 65, "percent_covered": 83.07692307692308, "percent_covered_display": "83", "missing_lines": 11, "excluded_lines": 0, "percent_statements_covered": 83.07692307692308, "percent_statements_covered_display": "83"}, "missing_lines": [155, 156, 167, 175, 177, 179, 185, 191, 193, 201, 225], "excluded_lines": []}, "CrawlCoordinator.crawl_multiple_dongs": {"executed_lines": [313, 316, 317, 318, 323, 324, 325, 326, 327, 328, 329, 330, 335, 338, 339, 340, 343, 344, 347, 348, 349, 356, 359, 360, 376, 385, 386, 388], "summary": {"covered_lines": 28, "num_statements": 28, "percent_covered": 100.0, "percent_covered_display": "100", "missing_lines": 0, "excluded_lines": 0, "percent_statements_covered": 100.0, "percent_statements_covered_display": "100"}, "missing_lines": [], "excluded_lines": []}, "CrawlCoordinator.crawl_all": {"executed_lines": [], "summary": {"covered_lines": 0, "num_statements": 8, "percent_covered": 0.0, "percent_covered_display": "0", "missing_lines": 8, "excluded_lines": 0, "percent_statements_covered": 0.0, "percent_statements_covered_display": "0"}, "missing_lines": [396, 399, 403, 405, 407, 408, 409, 410], "excluded_lines": []}, "CrawlCoordinator.get_statistics": {"executed_lines": [418], "summary": {"covered_lines": 1, "num_statements": 1, "percent_covered": 100.0, "percent_covered_display": "100", "missing_lines": 0, "excluded_lines": 0, "percent_statements_covered": 100.0, "percent_statements_covered_display": "100"}, "missing_lines": [], "excluded_lines": []}, "": {"executed_lines": [1, 8, 9, 10, 12, 14, 15, 16, 17, 18, 21, 22, 31, 33, 104, 294, 390, 412], "summary": {"covered_lines": 16, "num_statements": 16, "percent_covered": 100.0, "percent_covered_display": "100", "missing_lines": 0, "excluded_lines": 0, "percent_statements_covered": 100.0, "percent_statements_covered_display": "100"}, "missing_lines": [], "excluded_lines": []}}, "classes": {"CrawlCoordinator": {"executed_lines": [53, 63, 65, 68, 69, 72, 73, 74, 75, 78, 80, 81, 86, 87, 88, 95, 102, 124, 127, 128, 130, 140, 141, 143, 145, 146, 149, 150, 153, 154, 159, 160, 163, 165, 168, 170, 171, 173, 174, 204, 205, 207, 208, 210, 216, 218, 219, 221, 222, 234, 239, 240, 243, 244, 249, 251, 252, 255, 256, 257, 260, 261, 264, 267, 268, 270, 272, 281, 282, 290, 292, 313, 316, 317, 318, 323, 324, 325, 326, 327, 328, 329, 330, 335, 338, 339, 340, 343, 344, 347, 348, 349, 356, 359, 360, 376, 385, 386, 388, 418], "summary": {"covered_lines": 100, "num_statements": 123, "percent_covered": 81.30081300813008, "percent_covered_display": "81", "missing_lines": 23, "excluded_lines": 0, "percent_statements_covered": 81.30081300813008, "percent_statements_covered_display": "81"}, "missing_lines": [55, 56, 59, 60, 155, 156, 167, 175, 177, 179, 185, 191, 193, 201, 225, 396, 399, 403, 405, 407, 408, 409, 410], "excluded_lines": []}, "": {"executed_lines": [1, 8, 9, 10, 12, 14, 15, 16, 17, 18, 21, 22, 31, 33, 104, 294, 390, 412], "summary": {"covered_lines": 16, "num_statements": 16, "percent_covered": 100.0, "percent_covered_display": "100", "missing_lines": 0, "excluded_lines": 0, "percent_statements_covered": 100.0, "percent_statements_covered_display": "100"}, "missing_lines": [], "excluded_lines": []}}}, "src/crawler/crawlers/__init__.py": {"executed_lines": [1, 3, 4, 5, 10], "summary": {"covered_lines": 4, "num_statements": 4, "percent_covered": 100.0, "percent_covered_display": "100", "missing_lines": 0, "excluded_lines": 0, "percent_statements_covered": 100.0, "percent_statements_covered_display": "100"}, "missing_lines": [], "excluded_lines": [], "functions": {"": {"executed_lines": [1, 3, 4, 5, 10], "summary": {"covered_lines": 4, "num_statements": 4, "percent_covered": 100.0, "percent_covered_display": "100", "missing_lines": 0, "excluded_lines": 0, "percent_statements_covered": 100.0, "percent_statements_covered_display": "100"}, "missing_lines": [], "excluded_lines": []}}, "classes": {"": {"executed_lines": [1, 3, 4, 5, 10], "summary": {"covered_lines": 4, "num_statements": 4, "percent_covered": 100.0, "percent_covered_display": "100", "missing_lines": 0, "excluded_lines": 0, "percent_statements_covered": 100.0, "percent_statements_covered_display": "100"}, "missing_lines": [], "excluded_lines": []}}}, "src/crawler/crawlers/api.py": {"executed_lines": [1, 8, 10, 11, 12, 13, 15, 17, 18, 19, 20, 23, 24, 26, 33, 34, 35, 36, 39, 40, 53, 74, 77, 78, 79, 80, 81, 84, 85, 88, 90, 91, 96, 104, 107, 110, 114, 122, 123, 131, 132, 140, 141, 152, 163, 212, 221, 222, 224, 225, 230, 232, 240, 259, 269, 277, 380, 435, 492, 526, 534, 538, 542], "summary": {"covered_lines": 60, "num_statements": 166, "percent_covered": 36.144578313253014, "percent_covered_display": "36", "missing_lines": 106, "excluded_lines": 0, "percent_statements_covered": 36.144578313253014, "percent_statements_covered_display": "36"}, "missing_lines": [111, 115, 129, 138, 150, 158, 159, 160, 161, 173, 176, 177, 178, 179, 182, 183, 193, 196, 197, 198, 200, 202, 203, 210, 223, 238, 246, 254, 255, 257, 267, 275, 300, 302, 304, 314, 317, 327, 330, 331, 332, 333, 339, 346, 347, 353, 358, 359, 364, 369, 370, 375, 390, 391, 396, 397, 402, 403, 408, 409, 414, 415, 420, 422, 423, 424, 425, 426, 428, 449, 450, 453, 454, 457, 458, 461, 463, 464, 465, 466, 468, 475, 476, 482, 484, 490, 507, 508, 511, 512, 513, 514, 515, 516, 517, 518, 519, 520, 522, 524, 532, 536, 540, 544, 545, 546], "excluded_lines": [], "functions": {"APIError.__init__": {"executed_lines": [33, 34, 35, 36], "summary": {"covered_lines": 4, "num_statements": 4, "percent_covered": 100.0, "percent_covered_display": "100", "missing_lines": 0, "excluded_lines": 0, "percent_statements_covered": 100.0, "percent_statements_covered_display": "100"}, "missing_lines": [], "excluded_lines": []}, "APICrawler.__init__": {"executed_lines": [74, 77, 78, 79, 80, 81, 84, 85, 88, 90, 91, 96], "summary": {"covered_lines": 12, "num_statements": 12, "percent_covered": 100.0, "percent_covered_display": "100", "missing_lines": 0, "excluded_lines": 0, "percent_statements_covered": 100.0, "percent_statements_covered_display": "100"}, "missing_lines": [], "excluded_lines": []}, "APICrawler._setup_session": {"executed_lines": [107, 110, 114], "summary": {"covered_lines": 3, "num_statements": 5, "percent_covered": 60.0, "percent_covered_display": "60", "missing_lines": 2, "excluded_lines": 0, "percent_statements_covered": 60.0, "percent_statements_covered_display": "60"}, "missing_lines": [111, 115], "excluded_lines": []}, "APICrawler.get_endpoint": {"executed_lines": [], "summary": {"covered_lines": 0, "num_statements": 1, "percent_covered": 0.0, "percent_covered_display": "0", "missing_lines": 1, "excluded_lines": 0, "percent_statements_covered": 0.0, "percent_statements_covered_display": "0"}, "missing_lines": [129], "excluded_lines": []}, "APICrawler.get_params": {"executed_lines": [], "summary": {"covered_lines": 0, "num_statements": 1, "percent_covered": 0.0, "percent_covered_display": "0", "missing_lines": 1, "excluded_lines": 0, "percent_statements_covered": 0.0, "percent_statements_covered_display": "0"}, "missing_lines": [138], "excluded_lines": []}, "APICrawler.parse_response": {"executed_lines": [], "summary": {"covered_lines": 0, "num_statements": 1, "percent_covered": 0.0, "percent_covered_display": "0", "missing_lines": 1, "excluded_lines": 0, "percent_statements_covered": 0.0, "percent_statements_covered_display": "0"}, "missing_lines": [150], "excluded_lines": []}, "APICrawler.get_url": {"executed_lines": [], "summary": {"covered_lines": 0, "num_statements": 4, "percent_covered": 0.0, "percent_covered_display": "0", "missing_lines": 4, "excluded_lines": 0, "percent_statements_covered": 0.0, "percent_statements_covered_display": "0"}, "missing_lines": [158, 159, 160, 161], "excluded_lines": []}, "APICrawler.fetch": {"executed_lines": [], "summary": {"covered_lines": 0, "num_statements": 15, "percent_covered": 0.0, "percent_covered_display": "0", "missing_lines": 15, "excluded_lines": 0, "percent_statements_covered": 0.0, "percent_statements_covered_display": "0"}, "missing_lines": [173, 176, 177, 178, 179, 182, 183, 193, 196, 197, 198, 200, 202, 203, 210], "excluded_lines": []}, "APICrawler.parse": {"executed_lines": [221, 222, 224, 225, 230], "summary": {"covered_lines": 5, "num_statements": 6, "percent_covered": 83.33333333333333, "percent_covered_display": "83", "missing_lines": 1, "excluded_lines": 0, "percent_statements_covered": 83.33333333333333, "percent_statements_covered_display": "83"}, "missing_lines": [223], "excluded_lines": []}, "APICrawler.get_request_method": {"executed_lines": [], "summary": {"covered_lines": 0, "num_statements": 1, "percent_covered": 0.0, "percent_covered_display": "0", "missing_lines": 1, "excluded_lines": 0, "percent_statements_covered": 0.0, "percent_statements_covered_display": "0"}, "missing_lines": [238], "excluded_lines": []}, "APICrawler.get_headers": {"executed_lines": [], "summary": {"covered_lines": 0, "num_statements": 4, "percent_covered": 0.0, "percent_covered_display": "0", "missing_lines": 4, "excluded_lines": 0, "percent_statements_covered": 0.0, "percent_statements_covered_display": "0"}, "missing_lines": [246, 254, 255, 257], "excluded_lines": []}, "APICrawler.get_dynamic_headers": {"executed_lines": [], "summary": {"covered_lines": 0, "num_statements": 1, "percent_covered": 0.0, "percent_covered_display": "0", "missing_lines": 1, "excluded_lines": 0, "percent_statements_covered": 0.0, "percent_statements_covered_display": "0"}, "missing_lines": [267], "excluded_lines": []}, "APICrawler.get_request_body": {"executed_lines": [], "summary": {"covered_lines": 0, "num_statements": 1, "percent_covered": 0.0, "percent_covered_display": "0", "missing_lines": 1, "excluded_lines": 0, "percent_statements_covered": 0.0, "percent_statements_covered_display": "0"}, "missing_lines": [275], "excluded_lines": []}, "APICrawler._make_request": {"executed_lines": [], "summary": {"covered_lines": 0, "num_statements": 20, "percent_covered": 0.0, "percent_covered_display": "0", "missing_lines": 20, "excluded_lines": 0, "percent_statements_covered": 0.0, "percent_statements_covered_display": "0"}, "missing_lines": [300, 302, 304, 314, 317, 327, 330, 331, 332, 333, 339, 346, 347, 353, 358, 359, 364, 369, 370, 375], "excluded_lines": []}, "APICrawler._validate_response": {"executed_lines": [], "summary": {"covered_lines": 0, "num_statements": 17, "percent_covered": 0.0, "percent_covered_display": "0", "missing_lines": 17, "excluded_lines": 0, "percent_statements_covered": 0.0, "percent_statements_covered_display": "0"}, "missing_lines": [390, 391, 396, 397, 402, 403, 408, 409, 414, 415, 420, 422, 423, 424, 425, 426, 428], "excluded_lines": []}, "APICrawler.handle_pagination": {"executed_lines": [], "summary": {"covered_lines": 0, "num_statements": 17, "percent_covered": 0.0, "percent_covered_display": "0", "missing_lines": 17, "excluded_lines": 0, "percent_statements_covered": 0.0, "percent_statements_covered_display": "0"}, "missing_lines": [449, 450, 453, 454, 457, 458, 461, 463, 464, 465, 466, 468, 475, 476, 482, 484, 490], "excluded_lines": []}, "APICrawler.parse_page": {"executed_lines": [], "summary": {"covered_lines": 0, "num_statements": 14, "percent_covered": 0.0, "percent_covered_display": "0", "missing_lines": 14, "excluded_lines": 0, "percent_statements_covered": 0.0, "percent_statements_covered_display": "0"}, "missing_lines": [507, 508, 511, 512, 513, 514, 515, 516, 517, 518, 519, 520, 522, 524], "excluded_lines": []}, "APICrawler.get_page_size": {"executed_lines": [], "summary": {"covered_lines": 0, "num_statements": 1, "percent_covered": 0.0, "percent_covered_display": "0", "missing_lines": 1, "excluded_lines": 0, "percent_statements_covered": 0.0, "percent_statements_covered_display": "0"}, "missing_lines": [532], "excluded_lines": []}, "APICrawler.__enter__": {"executed_lines": [], "summary": {"covered_lines": 0, "num_statements": 1, "percent_covered": 0.0, "percent_covered_display": "0", "missing_lines": 1, "excluded_lines": 0, "percent_statements_covered": 0.0, "percent_statements_covered_display": "0"}, "missing_lines": [536], "excluded_lines": []}, "APICrawler.__exit__": {"executed_lines": [], "summary": {"covered_lines": 0, "num_statements": 1, "percent_covered": 0.0, "percent_covered_display": "0", "missing_lines": 1, "excluded_lines": 0, "percent_statements_covered": 0.0, "percent_statements_covered_display": "0"}, "missing_lines": [540], "excluded_lines": []}, "APICrawler.cleanup": {"executed_lines": [], "summary": {"covered_lines": 0, "num_statements": 3, "percent_covered": 0.0, "percent_covered_display": "0", "missing_lines": 3, "excluded_lines": 0, "percent_statements_covered": 0.0, "percent_statements_covered_display": "0"}, "missing_lines": [544, 545, 546], "excluded_lines": []}, "": {"executed_lines": [1, 8, 10, 11, 12, 13, 15, 17, 18, 19, 20, 23, 24, 26, 39, 40, 53, 104, 122, 123, 131, 132, 140, 141, 152, 163, 212, 232, 240, 259, 269, 277, 380, 435, 492, 526, 534, 538, 542], "summary": {"covered_lines": 36, "num_statements": 36, "percent_covered": 100.0, "percent_covered_display": "100", "missing_lines": 0, "excluded_lines": 0, "percent_statements_covered": 100.0, "percent_statements_covered_display": "100"}, "missing_lines": [], "excluded_lines": []}}, "classes": {"APIError": {"executed_lines": [33, 34, 35, 36], "summary": {"covered_lines": 4, "num_statements": 4, "percent_covered": 100.0, "percent_covered_display": "100", "missing_lines": 0, "excluded_lines": 0, "percent_statements_covered": 100.0, "percent_statements_covered_display": "100"}, "missing_lines": [], "excluded_lines": []}, "APICrawler": {"executed_lines": [74, 77, 78, 79, 80, 81, 84, 85, 88, 90, 91, 96, 107, 110, 114, 221, 222, 224, 225, 230], "summary": {"covered_lines": 20, "num_statements": 126, "percent_covered": 15.873015873015873, "percent_covered_display": "16", "missing_lines": 106, "excluded_lines": 0, "percent_statements_covered": 15.873015873015873, "percent_statements_covered_display": "16"}, "missing_lines": [111, 115, 129, 138, 150, 158, 159, 160, 161, 173, 176, 177, 178, 179, 182, 183, 193, 196, 197, 198, 200, 202, 203, 210, 223, 238, 246, 254, 255, 257, 267, 275, 300, 302, 304, 314, 317, 327, 330, 331, 332, 333, 339, 346, 347, 353, 358, 359, 364, 369, 370, 375, 390, 391, 396, 397, 402, 403, 408, 409, 414, 415, 420, 422, 423, 424, 425, 426, 428, 449, 450, 453, 454, 457, 458, 461, 463, 464, 465, 466, 468, 475, 476, 482, 484, 490, 507, 508, 511, 512, 513, 514, 515, 516, 517, 518, 519, 520, 522, 524, 532, 536, 540, 544, 545, 546], "excluded_lines": []}, "": {"executed_lines": [1, 8, 10, 11, 12, 13, 15, 17, 18, 19, 20, 23, 24, 26, 39, 40, 53, 104, 122, 123, 131, 132, 140, 141, 152, 163, 212, 232, 240, 259, 269, 277, 380, 435, 492, 526, 534, 538, 542], "summary": {"covered_lines": 36, "num_statements": 36, "percent_covered": 100.0, "percent_covered_display": "100", "missing_lines": 0, "excluded_lines": 0, "percent_statements_covered": 100.0, "percent_statements_covered_display": "100"}, "missing_lines": [], "excluded_lines": []}}}, "src/crawler/crawlers/base.py": {"executed_lines": [1, 2, 4, 6, 9, 10, 11, 12, 14, 15, 19, 20, 24, 25, 29, 31, 32, 33], "summary": {"covered_lines": 18, "num_statements": 21, "percent_covered": 85.71428571428571, "percent_covered_display": "86", "missing_lines": 3, "excluded_lines": 0, "percent_statements_covered": 85.71428571428571, "percent_statements_covered_display": "86"}, "missing_lines": [17, 22, 27], "excluded_lines": [], "functions": {"BaseCrawler.__init__": {"executed_lines": [11, 12], "summary": {"covered_lines": 2, "num_statements": 2, "percent_covered": 100.0, "percent_covered_display": "100", "missing_lines": 0, "excluded_lines": 0, "percent_statements_covered": 100.0, "percent_statements_covered_display": "100"}, "missing_lines": [], "excluded_lines": []}, "BaseCrawler.fetch": {"executed_lines": [], "summary": {"covered_lines": 0, "num_statements": 1, "percent_covered": 0.0, "percent_covered_display": "0", "missing_lines": 1, "excluded_lines": 0, "percent_statements_covered": 0.0, "percent_statements_covered_display": "0"}, "missing_lines": [17], "excluded_lines": []}, "BaseCrawler.parse": {"executed_lines": [], "summary": {"covered_lines": 0, "num_statements": 1, "percent_covered": 0.0, "percent_covered_display": "0", "missing_lines": 1, "excluded_lines": 0, "percent_statements_covered": 0.0, "percent_statements_covered_display": "0"}, "missing_lines": [22], "excluded_lines": []}, "BaseCrawler.get_url": {"executed_lines": [], "summary": {"covered_lines": 0, "num_statements": 1, "percent_covered": 0.0, "percent_covered_display": "0", "missing_lines": 1, "excluded_lines": 0, "percent_statements_covered": 0.0, "percent_statements_covered_display": "0"}, "missing_lines": [27], "excluded_lines": []}, "BaseCrawler.crawl": {"executed_lines": [31, 32, 33], "summary": {"covered_lines": 3, "num_statements": 3, "percent_covered": 100.0, "percent_covered_display": "100", "missing_lines": 0, "excluded_lines": 0, "percent_statements_covered": 100.0, "percent_statements_covered_display": "100"}, "missing_lines": [], "excluded_lines": []}, "": {"executed_lines": [1, 2, 4, 6, 9, 10, 14, 15, 19, 20, 24, 25, 29], "summary": {"covered_lines": 13, "num_statements": 13, "percent_covered": 100.0, "percent_covered_display": "100", "missing_lines": 0, "excluded_lines": 0, "percent_statements_covered": 100.0, "percent_statements_covered_display": "100"}, "missing_lines": [], "excluded_lines": []}}, "classes": {"BaseCrawler": {"executed_lines": [11, 12, 31, 32, 33], "summary": {"covered_lines": 5, "num_statements": 8, "percent_covered": 62.5, "percent_covered_display": "62", "missing_lines": 3, "excluded_lines": 0, "percent_statements_covered": 62.5, "percent_statements_covered_display": "62"}, "missing_lines": [17, 22, 27], "excluded_lines": []}, "": {"executed_lines": [1, 2, 4, 6, 9, 10, 14, 15, 19, 20, 24, 25, 29], "summary": {"covered_lines": 13, "num_statements": 13, "percent_covered": 100.0, "percent_covered_display": "100", "missing_lines": 0, "excluded_lines": 0, "percent_statements_covered": 100.0, "percent_statements_covered_display": "100"}, "missing_lines": [], "excluded_lines": []}}}, "src/crawler/crawlers/hogangnono.py": {"executed_lines": [1, 6, 8, 9, 12, 13, 14, 15, 16, 17, 20, 21, 30, 44, 45, 61, 70, 71, 74, 77, 80, 83, 84, 86, 89, 92, 94, 100, 106, 108, 114, 115, 125, 134, 137, 138, 139, 140, 146, 148, 149, 151, 152, 153, 162, 168, 170, 179, 181, 182, 185, 186, 189, 190, 193, 194, 195, 198, 201, 202, 203, 204, 205, 206, 207, 208, 209, 210, 216, 217, 219, 220, 221, 223, 224, 226, 227, 228, 229, 232, 233, 234, 236, 239, 265, 275, 293, 294, 296, 298, 307, 310, 318, 319, 321, 323, 325, 334, 335, 337, 339, 349, 352, 365, 368, 369, 370, 377, 378, 381, 387, 388, 393, 396, 397, 399, 400, 404, 433, 439, 441, 452, 454, 455, 456, 458, 459, 466, 467, 468, 470, 471, 484, 531, 581, 633, 649, 657, 659, 665, 679, 681, 696, 698, 712, 714, 715, 726, 729, 737, 739, 747, 749, 757, 759, 767, 769, 777, 779, 787, 789, 797, 799], "summary": {"covered_lines": 161, "num_statements": 222, "percent_covered": 72.52252252252252, "percent_covered_display": "73", "missing_lines": 61, "excluded_lines": 0, "percent_statements_covered": 72.52252252252252, "percent_statements_covered_display": "73"}, "missing_lines": [141, 142, 144, 154, 155, 160, 183, 212, 213, 267, 268, 273, 326, 331, 407, 409, 422, 424, 426, 427, 477, 478, 482, 495, 497, 498, 499, 506, 507, 508, 515, 516, 524, 525, 529, 533, 535, 537, 538, 540, 542, 543, 544, 560, 563, 565, 571, 573, 577, 578, 579, 590, 593, 600, 601, 608, 616, 619, 629, 631, 807], "excluded_lines": [], "functions": {"HogangnonoCrawler.__init__": {"executed_lines": [44, 45, 61, 70, 71, 74, 77, 80, 83, 84, 86, 89, 92, 94], "summary": {"covered_lines": 14, "num_statements": 14, "percent_covered": 100.0, "percent_covered_display": "100", "missing_lines": 0, "excluded_lines": 0, "percent_statements_covered": 100.0, "percent_statements_covered_display": "100"}, "missing_lines": [], "excluded_lines": []}, "HogangnonoCrawler.get_endpoint": {"executed_lines": [106], "summary": {"covered_lines": 1, "num_statements": 1, "percent_covered": 100.0, "percent_covered_display": "100", "missing_lines": 0, "excluded_lines": 0, "percent_statements_covered": 100.0, "percent_statements_covered_display": "100"}, "missing_lines": [], "excluded_lines": []}, "HogangnonoCrawler.get_params": {"executed_lines": [114, 115], "summary": {"covered_lines": 2, "num_statements": 2, "percent_covered": 100.0, "percent_covered_display": "100", "missing_lines": 0, "excluded_lines": 0, "percent_statements_covered": 100.0, "percent_statements_covered_display": "100"}, "missing_lines": [], "excluded_lines": []}, "HogangnonoCrawler.parse_response": {"executed_lines": [134, 137, 138, 139, 140, 146, 148, 149, 151, 152, 153, 162, 168], "summary": {"covered_lines": 13, "num_statements": 19, "percent_covered": 68.42105263157895, "percent_covered_display": "68", "missing_lines": 6, "excluded_lines": 0, "percent_statements_covered": 68.42105263157895, "percent_statements_covered_display": "68"}, "missing_lines": [141, 142, 144, 154, 155, 160], "excluded_lines": []}, "HogangnonoCrawler._map_to_naver_format": {"executed_lines": [179, 181, 182, 185, 186, 189, 190, 193, 194, 195, 198, 201, 202, 203, 204, 205, 206, 207, 208, 209, 210, 216, 217, 219, 220, 221, 223, 224, 226, 227, 228, 229, 232, 233, 234, 236, 239, 265], "summary": {"covered_lines": 38, "num_statements": 44, "percent_covered": 86.36363636363636, "percent_covered_display": "86", "missing_lines": 6, "excluded_lines": 0, "percent_statements_covered": 86.36363636363636, "percent_statements_covered_display": "86"}, "missing_lines": [183, 212, 213, 267, 268, 273], "excluded_lines": []}, "HogangnonoCrawler.crawl_region": {"executed_lines": [293, 294, 296, 298, 307, 310, 318, 319, 321, 323, 325, 334, 335, 337, 339, 349, 352, 365, 368, 369, 370, 377, 378, 381, 387, 388, 393, 396, 397, 399, 400, 404, 433, 439], "summary": {"covered_lines": 34, "num_statements": 42, "percent_covered": 80.95238095238095, "percent_covered_display": "81", "missing_lines": 8, "excluded_lines": 0, "percent_statements_covered": 80.95238095238095, "percent_statements_covered_display": "81"}, "missing_lines": [326, 331, 407, 409, 422, 424, 426, 427], "excluded_lines": []}, "HogangnonoCrawler.save_to_csv": {"executed_lines": [452, 454, 455, 456, 458, 459, 466, 467, 468, 470, 471], "summary": {"covered_lines": 11, "num_statements": 14, "percent_covered": 78.57142857142857, "percent_covered_display": "79", "missing_lines": 3, "excluded_lines": 0, "percent_statements_covered": 78.57142857142857, "percent_statements_covered_display": "79"}, "missing_lines": [477, 478, 482], "excluded_lines": []}, "HogangnonoCrawler.save_to_hogangnono_csv": {"executed_lines": [], "summary": {"covered_lines": 0, "num_statements": 12, "percent_covered": 0.0, "percent_covered_display": "0", "missing_lines": 12, "excluded_lines": 0, "percent_statements_covered": 0.0, "percent_statements_covered_display": "0"}, "missing_lines": [495, 497, 498, 499, 506, 507, 508, 515, 516, 524, 525, 529], "excluded_lines": []}, "HogangnonoCrawler.save_ranks_to_csv": {"executed_lines": [], "summary": {"covered_lines": 0, "num_statements": 16, "percent_covered": 0.0, "percent_covered_display": "0", "missing_lines": 16, "excluded_lines": 0, "percent_statements_covered": 0.0, "percent_statements_covered_display": "0"}, "missing_lines": [533, 535, 537, 538, 540, 542, 543, 544, 560, 563, 565, 571, 573, 577, 578, 579], "excluded_lines": []}, "HogangnonoCrawler.crawl": {"executed_lines": [], "summary": {"covered_lines": 0, "num_statements": 9, "percent_covered": 0.0, "percent_covered_display": "0", "missing_lines": 9, "excluded_lines": 0, "percent_statements_covered": 0.0, "percent_statements_covered_display": "0"}, "missing_lines": [590, 593, 600, 601, 608, 616, 619, 629, 631], "excluded_lines": []}, "HogangnonoCrawler.crawl_and_save": {"executed_lines": [649, 657, 659], "summary": {"covered_lines": 3, "num_statements": 3, "percent_covered": 100.0, "percent_covered_display": "100", "missing_lines": 0, "excluded_lines": 0, "percent_statements_covered": 100.0, "percent_statements_covered_display": "100"}, "missing_lines": [], "excluded_lines": []}, "HogangnonoCrawler.fetch_apartments_bounding": {"executed_lines": [679], "summary": {"covered_lines": 1, "num_statements": 1, "percent_covered": 100.0, "percent_covered_display": "100", "missing_lines": 0, "excluded_lines": 0, "percent_statements_covered": 100.0, "percent_statements_covered_display": "100"}, "missing_lines": [], "excluded_lines": []}, "HogangnonoCrawler.parse_apartment_data": {"executed_lines": [696], "summary": {"covered_lines": 1, "num_statements": 1, "percent_covered": 100.0, "percent_covered_display": "100", "missing_lines": 0, "excluded_lines": 0, "percent_statements_covered": 100.0, "percent_statements_covered_display": "100"}, "missing_lines": [], "excluded_lines": []}, "HogangnonoCrawler.crawl_dynamic": {"executed_lines": [712], "summary": {"covered_lines": 1, "num_statements": 1, "percent_covered": 100.0, "percent_covered_display": "100", "missing_lines": 0, "excluded_lines": 0, "percent_statements_covered": 100.0, "percent_statements_covered_display": "100"}, "missing_lines": [], "excluded_lines": []}, "HogangnonoCrawler.browser": {"executed_lines": [726], "summary": {"covered_lines": 1, "num_statements": 1, "percent_covered": 100.0, "percent_covered_display": "100", "missing_lines": 0, "excluded_lines": 0, "percent_statements_covered": 100.0, "percent_statements_covered_display": "100"}, "missing_lines": [], "excluded_lines": []}, "HogangnonoCrawler.handle_rate_limit": {"executed_lines": [737], "summary": {"covered_lines": 1, "num_statements": 1, "percent_covered": 100.0, "percent_covered_display": "100", "missing_lines": 0, "excluded_lines": 0, "percent_statements_covered": 100.0, "percent_statements_covered_display": "100"}, "missing_lines": [], "excluded_lines": []}, "HogangnonoCrawler.retry_with_backoff": {"executed_lines": [747], "summary": {"covered_lines": 1, "num_statements": 1, "percent_covered": 100.0, "percent_covered_display": "100", "missing_lines": 0, "excluded_lines": 0, "percent_statements_covered": 100.0, "percent_statements_covered_display": "100"}, "missing_lines": [], "excluded_lines": []}, "HogangnonoCrawler.handle_network_error": {"executed_lines": [757], "summary": {"covered_lines": 1, "num_statements": 1, "percent_covered": 100.0, "percent_covered_display": "100", "missing_lines": 0, "excluded_lines": 0, "percent_statements_covered": 100.0, "percent_statements_covered_display": "100"}, "missing_lines": [], "excluded_lines": []}, "HogangnonoCrawler.validate_apartment_data": {"executed_lines": [767], "summary": {"covered_lines": 1, "num_statements": 1, "percent_covered": 100.0, "percent_covered_display": "100", "missing_lines": 0, "excluded_lines": 0, "percent_statements_covered": 100.0, "percent_statements_covered_display": "100"}, "missing_lines": [], "excluded_lines": []}, "HogangnonoCrawler.parse_api_response": {"executed_lines": [777], "summary": {"covered_lines": 1, "num_statements": 1, "percent_covered": 100.0, "percent_covered_display": "100", "missing_lines": 0, "excluded_lines": 0, "percent_statements_covered": 100.0, "percent_statements_covered_display": "100"}, "missing_lines": [], "excluded_lines": []}, "HogangnonoCrawler.parse_html_response": {"executed_lines": [787], "summary": {"covered_lines": 1, "num_statements": 1, "percent_covered": 100.0, "percent_covered_display": "100", "missing_lines": 0, "excluded_lines": 0, "percent_statements_covered": 100.0, "percent_statements_covered_display": "100"}, "missing_lines": [], "excluded_lines": []}, "HogangnonoCrawler.transform_data": {"executed_lines": [797], "summary": {"covered_lines": 1, "num_statements": 1, "percent_covered": 100.0, "percent_covered_display": "100", "missing_lines": 0, "excluded_lines": 0, "percent_statements_covered": 100.0, "percent_statements_covered_display": "100"}, "missing_lines": [], "excluded_lines": []}, "HogangnonoCrawler.navigate_to_page": {"executed_lines": [], "summary": {"covered_lines": 0, "num_statements": 1, "percent_covered": 0.0, "percent_covered_display": "0", "missing_lines": 1, "excluded_lines": 0, "percent_statements_covered": 0.0, "percent_statements_covered_display": "0"}, "missing_lines": [807], "excluded_lines": []}, "": {"executed_lines": [1, 6, 8, 9, 12, 13, 14, 15, 16, 17, 20, 21, 30, 100, 108, 125, 170, 275, 441, 484, 531, 581, 633, 665, 681, 698, 714, 715, 729, 739, 749, 759, 769, 779, 789, 799], "summary": {"covered_lines": 34, "num_statements": 34, "percent_covered": 100.0, "percent_covered_display": "100", "missing_lines": 0, "excluded_lines": 0, "percent_statements_covered": 100.0, "percent_statements_covered_display": "100"}, "missing_lines": [], "excluded_lines": []}}, "classes": {"HogangnonoCrawler": {"executed_lines": [44, 45, 61, 70, 71, 74, 77, 80, 83, 84, 86, 89, 92, 94, 106, 114, 115, 134, 137, 138, 139, 140, 146, 148, 149, 151, 152, 153, 162, 168, 179, 181, 182, 185, 186, 189, 190, 193, 194, 195, 198, 201, 202, 203, 204, 205, 206, 207, 208, 209, 210, 216, 217, 219, 220, 221, 223, 224, 226, 227, 228, 229, 232, 233, 234, 236, 239, 265, 293, 294, 296, 298, 307, 310, 318, 319, 321, 323, 325, 334, 335, 337, 339, 349, 352, 365, 368, 369, 370, 377, 378, 381, 387, 388, 393, 396, 397, 399, 400, 404, 433, 439, 452, 454, 455, 456, 458, 459, 466, 467, 468, 470, 471, 649, 657, 659, 679, 696, 712, 726, 737, 747, 757, 767, 777, 787, 797], "summary": {"covered_lines": 127, "num_statements": 188, "percent_covered": 67.55319148936171, "percent_covered_display": "68", "missing_lines": 61, "excluded_lines": 0, "percent_statements_covered": 67.55319148936171, "percent_statements_covered_display": "68"}, "missing_lines": [141, 142, 144, 154, 155, 160, 183, 212, 213, 267, 268, 273, 326, 331, 407, 409, 422, 424, 426, 427, 477, 478, 482, 495, 497, 498, 499, 506, 507, 508, 515, 516, 524, 525, 529, 533, 535, 537, 538, 540, 542, 543, 544, 560, 563, 565, 571, 573, 577, 578, 579, 590, 593, 600, 601, 608, 616, 619, 629, 631, 807], "excluded_lines": []}, "": {"executed_lines": [1, 6, 8, 9, 12, 13, 14, 15, 16, 17, 20, 21, 30, 100, 108, 125, 170, 275, 441, 484, 531, 581, 633, 665, 681, 698, 714, 715, 729, 739, 749, 759, 769, 779, 789, 799], "summary": {"covered_lines": 34, "num_statements": 34, "percent_covered": 100.0, "percent_covered_display": "100", "missing_lines": 0, "excluded_lines": 0, "percent_statements_covered": 100.0, "percent_statements_covered_display": "100"}, "missing_lines": [], "excluded_lines": []}}}, "src/crawler/crawlers/working_hogangnono.py": {"executed_lines": [1, 8, 9, 10, 11, 12, 15, 19, 20, 21, 22, 25, 26, 27, 29, 30, 31, 32, 34, 44, 45, 47, 50, 51, 52, 55, 56, 59, 60, 62, 64, 65, 66, 68, 70, 73, 89, 91, 108, 110, 111, 112, 116, 117, 119, 122, 128, 130, 132, 133, 134, 137, 138, 140, 143, 144, 145, 147, 149, 165, 169, 170, 174, 175, 178, 179, 183, 185, 186, 190, 212, 215, 218, 221, 230, 232, 233, 241, 244, 245, 247, 249, 250, 254, 264, 265, 266, 270, 272, 276, 280, 283, 298, 301, 302, 303, 304, 306, 308, 318, 321, 330, 331, 336, 351, 352, 357, 358, 359, 361, 362, 364, 365, 366, 368, 370, 375, 377, 387, 390, 399, 400, 405, 418, 421, 422, 427, 428, 429, 431, 432, 433, 436, 437, 438, 440, 442, 443, 445, 496, 500], "summary": {"covered_lines": 137, "num_statements": 191, "percent_covered": 71.72774869109948, "percent_covered_display": "72", "missing_lines": 54, "excluded_lines": 0, "percent_statements_covered": 71.72774869109948, "percent_statements_covered_display": "72"}, "missing_lines": [36, 123, 124, 187, 188, 213, 251, 252, 267, 271, 273, 277, 281, 299, 322, 327, 332, 333, 353, 354, 391, 396, 401, 402, 423, 424, 452, 453, 456, 457, 458, 459, 460, 461, 462, 463, 464, 468, 475, 476, 477, 478, 479, 480, 481, 482, 483, 486, 487, 494, 498, 502, 503, 504], "excluded_lines": [], "functions": {"BoundingBox.to_dict": {"executed_lines": [], "summary": {"covered_lines": 0, "num_statements": 1, "percent_covered": 0.0, "percent_covered_display": "0", "missing_lines": 1, "excluded_lines": 0, "percent_statements_covered": 0.0, "percent_statements_covered_display": "0"}, "missing_lines": [36], "excluded_lines": []}, "HogangnonoAPIError.__init__": {"executed_lines": [50, 51, 52], "summary": {"covered_lines": 3, "num_statements": 3, "percent_covered": 100.0, "percent_covered_display": "100", "missing_lines": 0, "excluded_lines": 0, "percent_statements_covered": 100.0, "percent_statements_covered_display": "100"}, "missing_lines": [], "excluded_lines": []}, "WorkingHogangnonoCrawler.__init__": {"executed_lines": [64, 65, 66], "summary": {"covered_lines": 3, "num_statements": 3, "percent_covered": 100.0, "percent_covered_display": "100", "missing_lines": 0, "excluded_lines": 0, "percent_statements_covered": 100.0, "percent_statements_covered_display": "100"}, "missing_lines": [], "excluded_lines": []}, "WorkingHogangnonoCrawler._create_session": {"executed_lines": [70, 73, 89], "summary": {"covered_lines": 3, "num_statements": 3, "percent_covered": 100.0, "percent_covered_display": "100", "missing_lines": 0, "excluded_lines": 0, "percent_statements_covered": 100.0, "percent_statements_covered_display": "100"}, "missing_lines": [], "excluded_lines": []}, "WorkingHogangnonoCrawler._make_request": {"executed_lines": [108, 110, 111, 112, 116, 117, 119, 122, 128, 130, 132, 133, 134, 137, 138, 140, 143, 144, 145, 147], "summary": {"covered_lines": 20, "num_statements": 22, "percent_covered": 90.9090909090909, "percent_covered_display": "91", "missing_lines": 2, "excluded_lines": 0, "percent_statements_covered": 90.9090909090909, "percent_statements_covered_display": "91"}, "missing_lines": [123, 124], "excluded_lines": []}, "WorkingHogangnonoCrawler.fetch_popular_apartments": {"executed_lines": [165, 169, 170, 174, 175, 178, 179, 183, 185, 186], "summary": {"covered_lines": 10, "num_statements": 12, "percent_covered": 83.33333333333333, "percent_covered_display": "83", "missing_lines": 2, "excluded_lines": 0, "percent_statements_covered": 83.33333333333333, "percent_statements_covered_display": "83"}, "missing_lines": [187, 188], "excluded_lines": []}, "WorkingHogangnonoCrawler.fetch_pois_in_area": {"executed_lines": [212, 215, 218, 221, 230, 232, 233, 241, 244, 245, 247, 249, 250], "summary": {"covered_lines": 13, "num_statements": 16, "percent_covered": 81.25, "percent_covered_display": "81", "missing_lines": 3, "excluded_lines": 0, "percent_statements_covered": 81.25, "percent_statements_covered_display": "81"}, "missing_lines": [213, 251, 252], "excluded_lines": []}, "WorkingHogangnonoCrawler._validate_bbox": {"executed_lines": [264, 265, 266, 270, 272, 276, 280], "summary": {"covered_lines": 7, "num_statements": 12, "percent_covered": 58.333333333333336, "percent_covered_display": "58", "missing_lines": 5, "excluded_lines": 0, "percent_statements_covered": 58.333333333333336, "percent_statements_covered_display": "58"}, "missing_lines": [267, 271, 273, 277, 281], "excluded_lines": []}, "WorkingHogangnonoCrawler.parse_to_csv_format": {"executed_lines": [298, 301, 302, 303, 304, 306], "summary": {"covered_lines": 6, "num_statements": 7, "percent_covered": 85.71428571428571, "percent_covered_display": "86", "missing_lines": 1, "excluded_lines": 0, "percent_statements_covered": 85.71428571428571, "percent_statements_covered_display": "86"}, "missing_lines": [299], "excluded_lines": []}, "WorkingHogangnonoCrawler._parse_apartments_to_csv": {"executed_lines": [318, 321, 330, 331, 336, 351, 352, 357, 358, 359, 361, 362, 364, 365, 366, 368, 370, 375], "summary": {"covered_lines": 18, "num_statements": 24, "percent_covered": 75.0, "percent_covered_display": "75", "missing_lines": 6, "excluded_lines": 0, "percent_statements_covered": 75.0, "percent_statements_covered_display": "75"}, "missing_lines": [322, 327, 332, 333, 353, 354], "excluded_lines": []}, "WorkingHogangnonoCrawler._parse_pois_to_csv": {"executed_lines": [387, 390, 399, 400, 405, 418, 421, 422, 427, 428, 429, 431, 432, 433, 436, 437, 438, 440, 442, 443], "summary": {"covered_lines": 20, "num_statements": 26, "percent_covered": 76.92307692307692, "percent_covered_display": "77", "missing_lines": 6, "excluded_lines": 0, "percent_statements_covered": 76.92307692307692, "percent_statements_covered_display": "77"}, "missing_lines": [391, 396, 401, 402, 423, 424], "excluded_lines": []}, "WorkingHogangnonoCrawler.crawl_gangnam_area": {"executed_lines": [], "summary": {"covered_lines": 0, "num_statements": 24, "percent_covered": 0.0, "percent_covered_display": "0", "missing_lines": 24, "excluded_lines": 0, "percent_statements_covered": 0.0, "percent_statements_covered_display": "0"}, "missing_lines": [452, 453, 456, 457, 458, 459, 460, 461, 462, 463, 464, 468, 475, 476, 477, 478, 479, 480, 481, 482, 483, 486, 487, 494], "excluded_lines": []}, "WorkingHogangnonoCrawler.__enter__": {"executed_lines": [], "summary": {"covered_lines": 0, "num_statements": 1, "percent_covered": 0.0, "percent_covered_display": "0", "missing_lines": 1, "excluded_lines": 0, "percent_statements_covered": 0.0, "percent_statements_covered_display": "0"}, "missing_lines": [498], "excluded_lines": []}, "WorkingHogangnonoCrawler.__exit__": {"executed_lines": [], "summary": {"covered_lines": 0, "num_statements": 3, "percent_covered": 0.0, "percent_covered_display": "0", "missing_lines": 3, "excluded_lines": 0, "percent_statements_covered": 0.0, "percent_statements_covered_display": "0"}, "missing_lines": [502, 503, 504], "excluded_lines": []}, "": {"executed_lines": [1, 8, 9, 10, 11, 12, 15, 19, 20, 21, 22, 25, 26, 27, 29, 30, 31, 32, 34, 44, 45, 47, 55, 56, 59, 60, 62, 68, 91, 149, 190, 254, 283, 308, 377, 445, 496, 500], "summary": {"covered_lines": 34, "num_statements": 34, "percent_covered": 100.0, "percent_covered_display": "100", "missing_lines": 0, "excluded_lines": 0, "percent_statements_covered": 100.0, "percent_statements_covered_display": "100"}, "missing_lines": [], "excluded_lines": []}}, "classes": {"BoundingBox": {"executed_lines": [], "summary": {"covered_lines": 0, "num_statements": 1, "percent_covered": 0.0, "percent_covered_display": "0", "missing_lines": 1, "excluded_lines": 0, "percent_statements_covered": 0.0, "percent_statements_covered_display": "0"}, "missing_lines": [36], "excluded_lines": []}, "HogangnonoAPIError": {"executed_lines": [50, 51, 52], "summary": {"covered_lines": 3, "num_statements": 3, "percent_covered": 100.0, "percent_covered_display": "100", "missing_lines": 0, "excluded_lines": 0, "percent_statements_covered": 100.0, "percent_statements_covered_display": "100"}, "missing_lines": [], "excluded_lines": []}, "WorkingHogangnonoCrawler": {"executed_lines": [64, 65, 66, 70, 73, 89, 108, 110, 111, 112, 116, 117, 119, 122, 128, 130, 132, 133, 134, 137, 138, 140, 143, 144, 145, 147, 165, 169, 170, 174, 175, 178, 179, 183, 185, 186, 212, 215, 218, 221, 230, 232, 233, 241, 244, 245, 247, 249, 250, 264, 265, 266, 270, 272, 276, 280, 298, 301, 302, 303, 304, 306, 318, 321, 330, 331, 336, 351, 352, 357, 358, 359, 361, 362, 364, 365, 366, 368, 370, 375, 387, 390, 399, 400, 405, 418, 421, 422, 427, 428, 429, 431, 432, 433, 436, 437, 438, 440, 442, 443], "summary": {"covered_lines": 100, "num_statements": 153, "percent_covered": 65.359477124183, "percent_covered_display": "65", "missing_lines": 53, "excluded_lines": 0, "percent_statements_covered": 65.359477124183, "percent_statements_covered_display": "65"}, "missing_lines": [123, 124, 187, 188, 213, 251, 252, 267, 271, 273, 277, 281, 299, 322, 327, 332, 333, 353, 354, 391, 396, 401, 402, 423, 424, 452, 453, 456, 457, 458, 459, 460, 461, 462, 463, 464, 468, 475, 476, 477, 478, 479, 480, 481, 482, 483, 486, 487, 494, 498, 502, 503, 504], "excluded_lines": []}, "": {"executed_lines": [1, 8, 9, 10, 11, 12, 15, 19, 20, 21, 22, 25, 26, 27, 29, 30, 31, 32, 34, 44, 45, 47, 55, 56, 59, 60, 62, 68, 91, 149, 190, 254, 283, 308, 377, 445, 496, 500], "summary": {"covered_lines": 34, "num_statements": 34, "percent_covered": 100.0, "percent_covered_display": "100", "missing_lines": 0, "excluded_lines": 0, "percent_statements_covered": 100.0, "percent_statements_covered_display": "100"}, "missing_lines": [], "excluded_lines": []}}}, "src/crawler/parsers/__init__.py": {"executed_lines": [], "summary": {"covered_lines": 0, "num_statements": 0, "percent_covered": 100.0, "percent_covered_display": "100", "missing_lines": 0, "excluded_lines": 0, "percent_statements_covered": 100.0, "percent_statements_covered_display": "100"}, "missing_lines": [], "excluded_lines": [], "functions": {"": {"executed_lines": [], "summary": {"covered_lines": 0, "num_statements": 0, "percent_covered": 100.0, "percent_covered_display": "100", "missing_lines": 0, "excluded_lines": 0, "percent_statements_covered": 100.0, "percent_statements_covered_display": "100"}, "missing_lines": [], "excluded_lines": []}}, "classes": {"": {"executed_lines": [], "summary": {"covered_lines": 0, "num_statements": 0, "percent_covered": 100.0, "percent_covered_display": "100", "missing_lines": 0, "excluded_lines": 0, "percent_statements_covered": 100.0, "percent_statements_covered_display": "100"}, "missing_lines": [], "excluded_lines": []}}}, "src/crawler/progress_tracker.py": {"executed_lines": [1, 8, 9, 10, 11, 12, 14, 17, 18, 23, 36, 37, 40, 41, 44, 45, 46, 47, 48, 51, 68, 69, 70, 73, 75, 77, 79, 91, 93, 104, 112, 119, 121, 129, 131, 139, 140, 154, 156, 173, 176, 177, 178, 179, 182, 193, 194, 195, 199, 210, 213, 215, 222, 225, 231, 244, 247, 248, 251, 261, 262, 263, 268, 275, 281, 283, 289, 290, 293, 296, 297, 309, 311, 317, 318, 321, 326, 333, 334, 336, 337, 340, 341, 343, 344, 345, 348, 349, 353, 385, 391, 394, 395, 397, 400, 401, 402, 405, 408, 411, 414, 415, 418, 419, 420, 421, 424, 425, 429, 430, 432, 435, 436, 448, 450, 452, 454, 456, 462, 463, 465, 474, 475, 476, 477, 478, 479, 480, 481, 483, 484, 486, 488, 490, 499, 502, 503, 515, 516, 519, 521, 527, 528, 529, 530, 536], "summary": {"covered_lines": 144, "num_statements": 146, "percent_covered": 98.63013698630137, "percent_covered_display": "99", "missing_lines": 2, "excluded_lines": 0, "percent_statements_covered": 98.63013698630137, "percent_statements_covered_display": "99"}, "missing_lines": [531, 532], "excluded_lines": [], "functions": {"ProgressTracker.__init__": {"executed_lines": [36, 37, 40, 41, 44, 45, 46, 47, 48, 51, 68, 69, 70, 73], "summary": {"covered_lines": 14, "num_statements": 14, "percent_covered": 100.0, "percent_covered_display": "100", "missing_lines": 0, "excluded_lines": 0, "percent_statements_covered": 100.0, "percent_statements_covered_display": "100"}, "missing_lines": [], "excluded_lines": []}, "ProgressTracker._setup_file_logging": {"executed_lines": [77, 79, 91], "summary": {"covered_lines": 3, "num_statements": 3, "percent_covered": 100.0, "percent_covered_display": "100", "missing_lines": 0, "excluded_lines": 0, "percent_statements_covered": 100.0, "percent_statements_covered_display": "100"}, "missing_lines": [], "excluded_lines": []}, "ProgressTracker.start_crawling": {"executed_lines": [104, 112, 119], "summary": {"covered_lines": 3, "num_statements": 3, "percent_covered": 100.0, "percent_covered_display": "100", "missing_lines": 0, "excluded_lines": 0, "percent_statements_covered": 100.0, "percent_statements_covered_display": "100"}, "missing_lines": [], "excluded_lines": []}, "ProgressTracker.start_dong": {"executed_lines": [129, 131, 139, 140, 154], "summary": {"covered_lines": 5, "num_statements": 5, "percent_covered": 100.0, "percent_covered_display": "100", "missing_lines": 0, "excluded_lines": 0, "percent_statements_covered": 100.0, "percent_statements_covered_display": "100"}, "missing_lines": [], "excluded_lines": []}, "ProgressTracker.complete_dong": {"executed_lines": [173, 176, 177, 178, 179, 182, 193, 194, 195, 199, 210, 213], "summary": {"covered_lines": 12, "num_statements": 12, "percent_covered": 100.0, "percent_covered_display": "100", "missing_lines": 0, "excluded_lines": 0, "percent_statements_covered": 100.0, "percent_statements_covered_display": "100"}, "missing_lines": [], "excluded_lines": []}, "ProgressTracker.start_complex": {"executed_lines": [222, 225], "summary": {"covered_lines": 2, "num_statements": 2, "percent_covered": 100.0, "percent_covered_display": "100", "missing_lines": 0, "excluded_lines": 0, "percent_statements_covered": 100.0, "percent_statements_covered_display": "100"}, "missing_lines": [], "excluded_lines": []}, "ProgressTracker.complete_complex": {"executed_lines": [244, 247, 248, 251, 261, 262, 263, 268], "summary": {"covered_lines": 8, "num_statements": 8, "percent_covered": 100.0, "percent_covered_display": "100", "missing_lines": 0, "excluded_lines": 0, "percent_statements_covered": 100.0, "percent_statements_covered_display": "100"}, "missing_lines": [], "excluded_lines": []}, "ProgressTracker.update_rate_limiter_delay": {"executed_lines": [281], "summary": {"covered_lines": 1, "num_statements": 1, "percent_covered": 100.0, "percent_covered_display": "100", "missing_lines": 0, "excluded_lines": 0, "percent_statements_covered": 100.0, "percent_statements_covered_display": "100"}, "missing_lines": [], "excluded_lines": []}, "Pro
[...]
6, 77, 78, 81, 82, 83, 84, 86, 87, 90, 91, 93, 94, 97, 100, 109, 110, 113, 114, 115, 116, 117, 119, 121, 124, 139, 141, 142, 143, 144, 145, 146, 147, 149, 151, 154, 167, 170, 171, 172, 173, 176, 179, 188, 189, 190, 191, 192, 193, 195, 199, 203, 214], "summary": {"covered_lines": 77, "num_statements": 83, "percent_covered": 92.7710843373494, "percent_covered_display": "93", "missing_lines": 6, "excluded_lines": 0, "percent_statements_covered": 92.7710843373494, "percent_statements_covered_display": "93"}, "missing_lines": [60, 61, 88, 89, 196, 197], "excluded_lines": []}}}, "src/crawler/writers/__init__.py": {"executed_lines": [1, 6, 7, 8, 9, 11], "summary": {"covered_lines": 5, "num_statements": 5, "percent_covered": 100.0, "percent_covered_display": "100", "missing_lines": 0, "excluded_lines": 0, "percent_statements_covered": 100.0, "percent_statements_covered_display": "100"}, "missing_lines": [], "excluded_lines": [], "functions": {"": {"executed_lines": [1, 6, 7, 8, 9, 11], "summary": {"covered_lines": 5, "num_statements": 5, "percent_covered": 100.0, "percent_covered_display": "100", "missing_lines": 0, "excluded_lines": 0, "percent_statements_covered": 100.0, "percent_statements_covered_display": "100"}, "missing_lines": [], "excluded_lines": []}}, "classes": {"": {"executed_lines": [1, 6, 7, 8, 9, 11], "summary": {"covered_lines": 5, "num_statements": 5, "percent_covered": 100.0, "percent_covered_display": "100", "missing_lines": 0, "excluded_lines": 0, "percent_statements_covered": 100.0, "percent_statements_covered_display": "100"}, "missing_lines": [], "excluded_lines": []}}}, "src/crawler/writers/complexes_csv_writer.py": {"executed_lines": [1, 7, 8, 9, 11, 14, 15, 23, 25, 31, 32, 34, 36, 38, 39, 40, 42, 44, 51, 54, 57, 59, 60, 62, 63, 66, 67, 69, 71, 77, 79, 82, 84, 95, 98, 101, 102, 104, 116, 119, 122, 139, 140, 141, 144, 147, 149, 151, 153, 154], "summary": {"covered_lines": 48, "num_statements": 49, "percent_covered": 97.95918367346938, "percent_covered_display": "98", "missing_lines": 1, "excluded_lines": 0, "percent_statements_covered": 97.95918367346938, "percent_statements_covered_display": "98"}, "missing_lines": [52], "excluded_lines": [], "functions": {"ComplexesCSVWriter.__init__": {"executed_lines": [31, 32], "summary": {"covered_lines": 2, "num_statements": 2, "percent_covered": 100.0, "percent_covered_display": "100", "missing_lines": 0, "excluded_lines": 0, "percent_statements_covered": 100.0, "percent_statements_covered_display": "100"}, "missing_lines": [], "excluded_lines": []}, "ComplexesCSVWriter.write_header": {"executed_lines": [36, 38, 39, 40, 42], "summary": {"covered_lines": 5, "num_statements": 5, "percent_covered": 100.0, "percent_covered_display": "100", "missing_lines": 0, "excluded_lines": 0, "percent_statements_covered": 100.0, "percent_statements_covered_display": "100"}, "missing_lines": [], "excluded_lines": []}, "ComplexesCSVWriter.write": {"executed_lines": [51, 54, 57, 59, 60, 62, 63, 66, 67, 69], "summary": {"covered_lines": 10, "num_statements": 11, "percent_covered": 90.9090909090909, "percent_covered_display": "91", "missing_lines": 1, "excluded_lines": 0, "percent_statements_covered": 90.9090909090909, "percent_statements_covered_display": "91"}, "missing_lines": [52], "excluded_lines": []}, "ComplexesCSVWriter.append": {"executed_lines": [77, 79, 82], "summary": {"covered_lines": 3, "num_statements": 3, "percent_covered": 100.0, "percent_covered_display": "100", "missing_lines": 0, "excluded_lines": 0, "percent_statements_covered": 100.0, "percent_statements_covered_display": "100"}, "missing_lines": [], "excluded_lines": []}, "ComplexesCSVWriter.append_with_statistics": {"executed_lines": [95, 98, 101, 102], "summary": {"covered_lines": 4, "num_statements": 4, "percent_covered": 100.0, "percent_covered_display": "100", "missing_lines": 0, "excluded_lines": 0, "percent_statements_covered": 100.0, "percent_statements_covered_display": "100"}, "missing_lines": [], "excluded_lines": []}, "ComplexesCSVWriter._normalize_complex_data": {"executed_lines": [116, 119, 122, 139, 140, 141, 144, 147, 149], "summary": {"covered_lines": 9, "num_statements": 9, "percent_covered": 100.0, "percent_covered_display": "100", "missing_lines": 0, "excluded_lines": 0, "percent_statements_covered": 100.0, "percent_statements_covered_display": "100"}, "missing_lines": [], "excluded_lines": []}, "ComplexesCSVWriter.ensure_file_exists": {"executed_lines": [153, 154], "summary": {"covered_lines": 2, "num_statements": 2, "percent_covered": 100.0, "percent_covered_display": "100", "missing_lines": 0, "excluded_lines": 0, "percent_statements_covered": 100.0, "percent_statements_covered_display": "100"}, "missing_lines": [], "excluded_lines": []}, "": {"executed_lines": [1, 7, 8, 9, 11, 14, 15, 23, 25, 34, 44, 71, 84, 104, 151], "summary": {"covered_lines": 13, "num_statements": 13, "percent_covered": 100.0, "percent_covered_display": "100", "missing_lines": 0, "excluded_lines": 0, "percent_statements_covered": 100.0, "percent_statements_covered_display": "100"}, "missing_lines": [], "excluded_lines": []}}, "classes": {"ComplexesCSVWriter": {"executed_lines": [31, 32, 36, 38, 39, 40, 42, 51, 54, 57, 59, 60, 62, 63, 66, 67, 69, 77, 79, 82, 95, 98, 101, 102, 116, 119, 122, 139, 140, 141, 144, 147, 149, 153, 154], "summary": {"covered_lines": 35, "num_statements": 36, "percent_covered": 97.22222222222223, "percent_covered_display": "97", "missing_lines": 1, "excluded_lines": 0, "percent_statements_covered": 97.22222222222223, "percent_statements_covered_display": "97"}, "missing_lines": [52], "excluded_lines": []}, "": {"executed_lines": [1, 7, 8, 9, 11, 14, 15, 23, 25, 34, 44, 71, 84, 104, 151], "summary": {"covered_lines": 13, "num_statements": 13, "percent_covered": 100.0, "percent_covered_display": "100", "missing_lines": 0, "excluded_lines": 0, "percent_statements_covered": 100.0, "percent_statements_covered_display": "100"}, "missing_lines": [], "excluded_lines": []}}}, "src/crawler/writers/csv_writer.py": {"executed_lines": [1, 2, 3, 8, 9, 10, 12, 14, 17, 20, 21, 22, 23, 24, 25, 26, 27, 29, 30, 32, 33, 34, 35, 36, 37, 39], "summary": {"covered_lines": 26, "num_statements": 28, "percent_covered": 92.85714285714286, "percent_covered_display": "93", "missing_lines": 2, "excluded_lines": 0, "percent_statements_covered": 92.85714285714286, "percent_statements_covered_display": "93"}, "missing_lines": [15, 41], "excluded_lines": [], "functions": {"CSVWriter.__init__": {"executed_lines": [10], "summary": {"covered_lines": 1, "num_statements": 1, "percent_covered": 100.0, "percent_covered_display": "100", "missing_lines": 0, "excluded_lines": 0, "percent_statements_covered": 100.0, "percent_statements_covered_display": "100"}, "missing_lines": [], "excluded_lines": []}, "CSVWriter.write": {"executed_lines": [14, 17, 20, 21, 22, 23, 24, 25, 26, 27, 29, 30, 32, 33, 34, 35, 36, 37], "summary": {"covered_lines": 18, "num_statements": 19, "percent_covered": 94.73684210526316, "percent_covered_display": "95", "missing_lines": 1, "excluded_lines": 0, "percent_statements_covered": 94.73684210526316, "percent_statements_covered_display": "95"}, "missing_lines": [15], "excluded_lines": []}, "CSVWriter.append": {"executed_lines": [], "summary": {"covered_lines": 0, "num_statements": 1, "percent_covered": 0.0, "percent_covered_display": "0", "missing_lines": 1, "excluded_lines": 0, "percent_statements_covered": 0.0, "percent_statements_covered_display": "0"}, "missing_lines": [41], "excluded_lines": []}, "": {"executed_lines": [1, 2, 3, 8, 9, 12, 39], "summary": {"covered_lines": 7, "num_statements": 7, "percent_covered": 100.0, "percent_covered_display": "100", "missing_lines": 0, "excluded_lines": 0, "percent_statements_covered": 100.0, "percent_statements_covered_display": "100"}, "missing_lines": [], "excluded_lines": []}}, "classes": {"CSVWriter": {"executed_lines": [10, 14, 17, 20, 21, 22, 23, 24, 25, 26, 27, 29, 30, 32, 33, 34, 35, 36, 37], "summary": {"covered_lines": 19, "num_statements": 21, "percent_covered": 90.47619047619048, "percent_covered_display": "90", "missing_lines": 2, "excluded_lines": 0, "percent_statements_covered": 90.47619047619048, "percent_statements_covered_display": "90"}, "missing_lines": [15, 41], "excluded_lines": []}, "": {"executed_lines": [1, 2, 3, 8, 9, 12, 39], "summary": {"covered_lines": 7, "num_statements": 7, "percent_covered": 100.0, "percent_covered_display": "100", "missing_lines": 0, "excluded_lines": 0, "percent_statements_covered": 100.0, "percent_statements_covered_display": "100"}, "missing_lines": [], "excluded_lines": []}}}, "src/crawler/writers/hogangnono_csv_writer.py": {"executed_lines": [1, 7, 8, 9, 10, 12, 15, 16, 24, 40, 58, 64, 65, 66, 69, 70, 73, 74, 76, 82, 83, 86, 89, 94, 95, 97, 98, 100, 106, 107, 110, 113, 119, 120, 122, 123, 125, 144, 171, 174, 189, 197, 198, 199, 201, 204, 205, 207, 209, 212, 213, 214, 217, 218, 219, 220, 223, 225, 227, 257, 264, 265, 268, 269, 270, 272, 273, 274, 278, 281, 282, 283, 284, 287, 306, 308, 310, 319, 320, 322, 325, 327, 328, 329, 330, 332, 338, 347, 348, 350, 352, 355, 357, 358, 359, 365, 372, 373, 374, 377, 378, 380, 381, 383, 384, 395, 401, 408, 409, 410, 413, 414, 415, 416, 421, 422, 423, 426, 427, 428, 429, 434], "summary": {"covered_lines": 120, "num_statements": 145, "percent_covered": 82.75862068965517, "percent_covered_display": "83", "missing_lines": 25, "excluded_lines": 0, "percent_statements_covered": 82.75862068965517, "percent_statements_covered_display": "83"}, "missing_lines": [137, 138, 139, 140, 142, 275, 276, 333, 334, 336, 360, 361, 363, 385, 386, 388, 389, 390, 391, 392, 393, 418, 419, 431, 432], "excluded_lines": [], "functions": {"HogangnonoCSVWriter.__init__": {"executed_lines": [64, 65, 66, 69, 70, 73, 74], "summary": {"covered_lines": 7, "num_statements": 7, "percent_covered": 100.0, "percent_covered_display": "100", "missing_lines": 0, "excluded_lines": 0, "percent_statements_covered": 100.0, "percent_statements_covered_display": "100"}, "missing_lines": [], "excluded_lines": []}, "HogangnonoCSVWriter.save_complexes": {"executed_lines": [82, 83, 86, 89, 94, 95, 97, 98], "summary": {"covered_lines": 8, "num_statements": 8, "percent_covered": 100.0, "percent_covered_display": "100", "missing_lines": 0, "excluded_lines": 0, "percent_statements_covered": 100.0, "percent_statements_covered_display": "100"}, "missing_lines": [], "excluded_lines": []}, "HogangnonoCSVWriter.save_transactions": {"executed_lines": [106, 107, 110, 113, 119, 120, 122, 123], "summary": {"covered_lines": 8, "num_statements": 8, "percent_covered": 100.0, "percent_covered_display": "100", "missing_lines": 0, "excluded_lines": 0, "percent_statements_covered": 100.0, "percent_statements_covered_display": "100"}, "missing_lines": [], "excluded_lines": []}, "HogangnonoCSVWriter.transform_to_naver_format": {"executed_lines": [], "summary": {"covered_lines": 0, "num_statements": 5, "percent_covered": 0.0, "percent_covered_display": "0", "missing_lines": 5, "excluded_lines": 0, "percent_statements_covered": 0.0, "percent_statements_covered_display": "0"}, "missing_lines": [137, 138, 139, 140, 142], "excluded_lines": []}, "HogangnonoCSVWriter.transform_complex_to_naver_format": {"executed_lines": [171, 174, 189, 197, 198, 199, 201, 204, 205, 207, 209, 212, 213, 214, 217, 218, 219, 220, 223, 225], "summary": {"covered_lines": 20, "num_statements": 20, "percent_covered": 100.0, "percent_covered_display": "100", "missing_lines": 0, "excluded_lines": 0, "percent_statements_covered": 100.0, "percent_statements_covered_display": "100"}, "missing_lines": [], "excluded_lines": []}, "HogangnonoCSVWriter.transform_transaction_to_naver_format": {"executed_lines": [257, 264, 265, 268, 269, 270, 272, 273, 274, 278, 281, 282, 283, 284, 287, 306, 308], "summary": {"covered_lines": 17, "num_statements": 19, "percent_covered": 89.47368421052632, "percent_covered_display": "89", "missing_lines": 2, "excluded_lines": 0, "percent_statements_covered": 89.47368421052632, "percent_statements_covered_display": "89"}, "missing_lines": [275, 276], "excluded_lines": []}, "HogangnonoCSVWriter._parse_floor": {"executed_lines": [319, 320, 322, 325, 327, 328, 329, 330, 332], "summary": {"covered_lines": 9, "num_statements": 12, "percent_covered": 75.0, "percent_covered_display": "75", "missing_lines": 3, "excluded_lines": 0, "percent_statements_covered": 75.0, "percent_statements_covered_display": "75"}, "missing_lines": [333, 334, 336], "excluded_lines": []}, "HogangnonoCSVWriter._parse_money_amount": {"executed_lines": [347, 348, 350, 352, 355, 357, 358, 359], "summary": {"covered_lines": 8, "num_statements": 11, "percent_covered": 72.72727272727273, "percent_covered_display": "73", "missing_lines": 3, "excluded_lines": 0, "percent_statements_covered": 72.72727272727273, "percent_statements_covered_display": "73"}, "missing_lines": [360, 361, 363], "excluded_lines": []}, "HogangnonoCSVWriter.save_from_json_file": {"executed_lines": [372, 373, 374, 377, 378, 380, 381, 383, 384], "summary": {"covered_lines": 9, "num_statements": 17, "percent_covered": 52.94117647058823, "percent_covered_display": "53", "missing_lines": 8, "excluded_lines": 0, "percent_statements_covered": 52.94117647058823, "percent_statements_covered_display": "53"}, "missing_lines": [385, 386, 388, 389, 390, 391, 392, 393], "excluded_lines": []}, "HogangnonoCSVWriter.get_stats": {"executed_lines": [401, 408, 409, 410, 413, 414, 415, 416, 421, 422, 423, 426, 427, 428, 429, 434], "summary": {"covered_lines": 16, "num_statements": 20, "percent_covered": 80.0, "percent_covered_display": "80", "missing_lines": 4, "excluded_lines": 0, "percent_statements_covered": 80.0, "percent_statements_covered_display": "80"}, "missing_lines": [418, 419, 431, 432], "excluded_lines": []}, "": {"executed_lines": [1, 7, 8, 9, 10, 12, 15, 16, 24, 40, 58, 76, 100, 125, 144, 227, 310, 338, 365, 395], "summary": {"covered_lines": 18, "num_statements": 18, "percent_covered": 100.0, "percent_covered_display": "100", "missing_lines": 0, "excluded_lines": 0, "percent_statements_covered": 100.0, "percent_statements_covered_display": "100"}, "missing_lines": [], "excluded_lines": []}}, "classes": {"HogangnonoCSVWriter": {"executed_lines": [64, 65, 66, 69, 70, 73, 74, 82, 83, 86, 89, 94, 95, 97, 98, 106, 107, 110, 113, 119, 120, 122, 123, 171, 174, 189, 197, 198, 199, 201, 204, 205, 207, 209, 212, 213, 214, 217, 218, 219, 220, 223, 225, 257, 264, 265, 268, 269, 270, 272, 273, 274, 278, 281, 282, 283, 284, 287, 306, 308, 319, 320, 322, 325, 327, 328, 329, 330, 332, 347, 348, 350, 352, 355, 357, 358, 359, 372, 373, 374, 377, 378, 380, 381, 383, 384, 401, 408, 409, 410, 413, 414, 415, 416, 421, 422, 423, 426, 427, 428, 429, 434], "summary": {"covered_lines": 102, "num_statements": 127, "percent_covered": 80.31496062992126, "percent_covered_display": "80", "missing_lines": 25, "excluded_lines": 0, "percent_statements_covered": 80.31496062992126, "percent_statements_covered_display": "80"}, "missing_lines": [137, 138, 139, 140, 142, 275, 276, 333, 334, 336, 360, 361, 363, 385, 386, 388, 389, 390, 391, 392, 393, 418, 419, 431, 432], "excluded_lines": []}, "": {"executed_lines": [1, 7, 8, 9, 10, 12, 15, 16, 24, 40, 58, 76, 100, 125, 144, 227, 310, 338, 365, 395], "summary": {"covered_lines": 18, "num_statements": 18, "percent_covered": 100.0, "percent_covered_display": "100", "missing_lines": 0, "excluded_lines": 0, "percent_statements_covered": 100.0, "percent_statements_covered_display": "100"}, "missing_lines": [], "excluded_lines": []}}}, "src/crawler/writers/transaction_csv_writer.py": {"executed_lines": [1, 2, 3, 6, 7, 14, 32, 38, 39, 41, 43, 45, 46, 47, 49, 51, 58, 59, 61, 64, 66, 67, 69, 70, 73, 74, 76, 78, 84, 86, 89, 91, 102, 105, 106, 109, 110, 111, 112, 113, 114, 115, 117, 119, 120, 121, 126, 128, 130, 132, 133], "summary": {"covered_lines": 50, "num_statements": 52, "percent_covered": 96.15384615384616, "percent_covered_display": "96", "missing_lines": 2, "excluded_lines": 0, "percent_statements_covered": 96.15384615384616, "percent_statements_covered_display": "96"}, "missing_lines": [122, 123], "excluded_lines": [], "functions": {"TransactionCSVWriter.__init__": {"executed_lines": [38, 39], "summary": {"covered_lines": 2, "num_statements": 2, "percent_covered": 100.0, "percent_covered_display": "100", "missing_lines": 0, "excluded_lines": 0, "percent_statements_covered": 100.0, "percent_statements_covered_display": "100"}, "missing_lines": [], "excluded_lines": []}, "TransactionCSVWriter.write_header": {"executed_lines": [43, 45, 46, 47, 49], "summary": {"covered_lines": 5, "num_statements": 5, "percent_covered": 100.0, "percent_covered_display": "100", "missing_lines": 0, "excluded_lines": 0, "percent_statements_covered": 100.0, "percent_statements_covered_display": "100"}, "missing_lines": [], "excluded_lines": []}, "TransactionCSVWriter.write": {"executed_lines": [58, 59, 61, 64, 66, 67, 69, 70, 73, 74, 76], "summary": {"covered_lines": 11, "num_statements": 11, "percent_covered": 100.0, "percent_covered_display": "100", "missing_lines": 0, "excluded_lines": 0, "percent_statements_covered": 100.0, "percent_statements_covered_display": "100"}, "missing_lines": [], "excluded_lines": []}, "TransactionCSVWriter.append": {"executed_lines": [84, 86, 89], "summary": {"covered_lines": 3, "num_statements": 3, "percent_covered": 100.0, "percent_covered_display": "100", "missing_lines": 0, "excluded_lines": 0, "percent_statements_covered": 100.0, "percent_statements_covered_display": "100"}, "missing_lines": [], "excluded_lines": []}, "TransactionCSVWriter._normalize_transaction": {"executed_lines": [102, 105, 106, 109, 110, 111, 112, 113, 114, 115, 117, 119, 120, 121, 126, 128], "summary": {"covered_lines": 16, "num_statements": 18, "percent_covered": 88.88888888888889, "percent_covered_display": "89", "missing_lines": 2, "excluded_lines": 0, "percent_statements_covered": 88.88888888888889, "percent_statements_covered_display": "89"}, "missing_lines": [122, 123], "excluded_lines": []}, "TransactionCSVWriter.ensure_file_exists": {"executed_lines": [132, 133], "summary": {"covered_lines": 2, "num_statements": 2, "percent_covered": 100.0, "percent_covered_display": "100", "missing_lines": 0, "excluded_lines": 0, "percent_statements_covered": 100.0, "percent_statements_covered_display": "100"}, "missing_lines": [], "excluded_lines": []}, "": {"executed_lines": [1, 2, 3, 6, 7, 14, 32, 41, 51, 78, 91, 130], "summary": {"covered_lines": 11, "num_statements": 11, "percent_covered": 100.0, "percent_covered_display": "100", "missing_lines": 0, "excluded_lines": 0, "percent_statements_covered": 100.0, "percent_statements_covered_display": "100"}, "missing_lines": [], "excluded_lines": []}}, "classes": {"TransactionCSVWriter": {"executed_lines": [38, 39, 43, 45, 46, 47, 49, 58, 59, 61, 64, 66, 67, 69, 70, 73, 74, 76, 84, 86, 89, 102, 105, 106, 109, 110, 111, 112, 113, 114, 115, 117, 119, 120, 121, 126, 128, 132, 133], "summary": {"covered_lines": 39, "num_statements": 41, "percent_covered": 95.1219512195122, "percent_covered_display": "95", "missing_lines": 2, "excluded_lines": 0, "percent_statements_covered": 95.1219512195122, "percent_statements_covered_display": "95"}, "missing_lines": [122, 123], "excluded_lines": []}, "": {"executed_lines": [1, 2, 3, 6, 7, 14, 32, 41, 51, 78, 91, 130], "summary": {"covered_lines": 11, "num_statements": 11, "percent_covered": 100.0, "percent_covered_display": "100", "missing_lines": 0, "excluded_lines": 0, "percent_statements_covered": 100.0, "percent_statements_covered_display": "100"}, "missing_lines": [], "excluded_lines": []}}}}, "totals": {"covered_lines": 1737, "num_statements": 2345, "percent_covered": 74.0724946695096, "percent_covered_display": "74", "missing_lines": 608, "excluded_lines": 0, "percent_statements_covered": 74.0724946695096, "percent_statements_covered_display": "74"}}